"../../../Engine/Content/Functions/Engine_MaterialFunctions01/Shading/PowerToRoughness.uasset" 0
"../../../Engine/Content/Functions/Engine_MaterialFunctions01/Shading/PowerToRoughness.uexp" 1
"../../../Engine/Content/Functions/Engine_MaterialFunctions01/Shading/ConvertFromDiffSpec.uasset" 2
"../../../Engine/Content/Functions/Engine_MaterialFunctions01/Shading/ConvertFromDiffSpec.uexp" 3
"../../../Engine/Content/EngineSounds/Master.uasset" 4
"../../../Engine/Content/EngineSounds/Master.uexp" 5
"../../../Engine/Content/EngineSky/T_Sky_Stars.ubulk" 6
"../../../Engine/Content/EngineSky/T_Sky_Stars.uasset" 7
"../../../Engine/Content/EngineSky/T_Sky_Stars.uexp" 8
"../../../Engine/Content/EngineSky/T_Sky_Clouds_M.ubulk" 9
"../../../Engine/Content/EngineSky/T_Sky_Clouds_M.uasset" 10
"../../../Engine/Content/EngineSky/T_Sky_Clouds_M.uexp" 11
"../../../Engine/Content/EngineSky/T_Sky_Blue.ubulk" 12
"../../../Engine/Content/EngineSky/T_Sky_Blue.uasset" 13
"../../../Engine/Content/EngineSky/T_Sky_Blue.uexp" 14
"../../../Engine/Content/EngineSky/M_Sky_Panning_Clouds2.uasset" 15
"../../../Engine/Content/EngineSky/M_Sky_Panning_Clouds2.uexp" 16
"../../../Engine/Content/EngineSky/SM_SkySphere.ubulk" 17
"../../../Engine/Content/EngineSky/SM_SkySphere.uasset" 18
"../../../Engine/Content/EngineSky/SM_SkySphere.uexp" 19
"../../../Engine/Content/EngineSky/M_SimpleSkyDome.uasset" 20
"../../../Engine/Content/EngineSky/M_SimpleSkyDome.uexp" 21
"../../../Engine/Content/EngineSky/VolumetricClouds/CloudWeatherTexture.uasset" 22
"../../../Engine/Content/EngineSky/VolumetricClouds/CloudWeatherTexture.uexp" 23
"../../../Engine/Content/Functions/Engine_MaterialFunctions02/Utility/MakeFloat2.uasset" 24
"../../../Engine/Content/Functions/Engine_MaterialFunctions02/Utility/MakeFloat2.uexp" 25
"../../../Engine/Content/EngineSky/VolumetricClouds/CloudGradientTexture.uasset" 26
"../../../Engine/Content/EngineSky/VolumetricClouds/CloudGradientTexture.uexp" 27
"../../../Engine/Content/EngineSky/VolumetricClouds/T_NoiseShape64.ubulk" 28
"../../../Engine/Content/EngineSky/VolumetricClouds/T_NoiseShape64.uasset" 29
"../../../Engine/Content/EngineSky/VolumetricClouds/T_NoiseShape64.uexp" 30
"../../../Engine/Content/EngineSky/VolumetricClouds/T_VolumeNoiseShape64.uasset" 31
"../../../Engine/Content/EngineSky/VolumetricClouds/T_VolumeNoiseShape64.uexp" 32
"../../../Engine/Content/EngineSky/VolumetricClouds/T_NoiseErosion.ubulk" 33
"../../../Engine/Content/EngineSky/VolumetricClouds/T_NoiseErosion.uasset" 34
"../../../Engine/Content/EngineSky/VolumetricClouds/T_NoiseErosion.uexp" 35
"../../../Engine/Content/EngineSky/VolumetricClouds/T_VolumeNoiseErosion32.uasset" 36
"../../../Engine/Content/EngineSky/VolumetricClouds/T_VolumeNoiseErosion32.uexp" 37
"../../../Engine/Content/EngineSky/VolumetricClouds/m_SimpleVolumetricCloud.uasset" 38
"../../../Engine/Content/EngineSky/VolumetricClouds/m_SimpleVolumetricCloud.uexp" 39
"../../../Engine/Content/EngineSky/VolumetricClouds/m_SimpleVolumetricCloud_Inst.uasset" 40
"../../../Engine/Content/EngineSky/VolumetricClouds/m_SimpleVolumetricCloud_Inst.uexp" 41
"../../../Engine/Content/EngineResources/GradientTexture0.uasset" 42
"../../../Engine/Content/EngineResources/GradientTexture0.uexp" 43
"../../../Engine/Content/EngineResources/DefaultVolumeTexture2D.uasset" 44
"../../../Engine/Content/EngineResources/DefaultVolumeTexture2D.uexp" 45
"../../../Engine/Content/EngineResources/DefaultVolumeTexture.uasset" 46
"../../../Engine/Content/EngineResources/DefaultVolumeTexture.uexp" 47
"../../../Engine/Content/EngineResources/DefaultTextureCube.uasset" 48
"../../../Engine/Content/EngineResources/DefaultTextureCube.uexp" 49
"../../../Engine/Content/EngineResources/DefaultTexture.ubulk" 50
"../../../Engine/Content/EngineResources/DefaultTexture.uasset" 51
"../../../Engine/Content/EngineResources/DefaultTexture.uexp" 52
"../../../Engine/Content/EngineResources/Black.uasset" 53
"../../../Engine/Content/EngineResources/Black.uexp" 54
"../../../Engine/Content/EngineResources/FilmGrains/Marcie_Grain_v3_128_M2_000.uasset" 55
"../../../Engine/Content/EngineResources/FilmGrains/Marcie_Grain_v3_128_M2_000.uexp" 56
"../../../Engine/Content/EngineMeshes/Sphere.ubulk" 57
"../../../Engine/Content/EngineMeshes/Sphere.uasset" 58
"../../../Engine/Content/EngineMeshes/Sphere.uexp" 59
"../../../Engine/Content/EngineResources/WhiteSquareTexture.uasset" 60
"../../../Engine/Content/EngineResources/WhiteSquareTexture.uexp" 61
"../../../Engine/Content/EngineMaterials/Widget3DPassThrough.uasset" 62
"../../../Engine/Content/EngineMaterials/Widget3DPassThrough.uexp" 63
"../../../Engine/Content/EngineMaterials/Widget3DPassThrough_Translucent.uasset" 64
"../../../Engine/Content/EngineMaterials/Widget3DPassThrough_Translucent.uexp" 65
"../../../Engine/Content/EngineMaterials/Widget3DPassThrough_Translucent_OneSided.uasset" 66
"../../../Engine/Content/EngineMaterials/Widget3DPassThrough_Translucent_OneSided.uexp" 67
"../../../Engine/Content/EngineMaterials/Widget3DPassThrough_Opaque.uasset" 68
"../../../Engine/Content/EngineMaterials/Widget3DPassThrough_Opaque.uexp" 69
"../../../Engine/Content/EngineMaterials/Widget3DPassThrough_Opaque_OneSided.uasset" 70
"../../../Engine/Content/EngineMaterials/Widget3DPassThrough_Opaque_OneSided.uexp" 71
"../../../Engine/Content/EngineMaterials/Widget3DPassThrough_Masked_OneSided.uasset" 72
"../../../Engine/Content/EngineMaterials/Widget3DPassThrough_Masked_OneSided.uexp" 73
"../../../Engine/Content/EngineMaterials/Widget3DPassThrough_Masked.uasset" 74
"../../../Engine/Content/EngineMaterials/Widget3DPassThrough_Masked.uexp" 75
"../../../Engine/Content/EngineMaterials/WeightMapPlaceholderTexture.uasset" 76
"../../../Engine/Content/EngineMaterials/WeightMapPlaceholderTexture.uexp" 77
"../../../Engine/Content/EngineMaterials/RemoveSurfaceMaterial.uasset" 78
"../../../Engine/Content/EngineMaterials/RemoveSurfaceMaterial.uexp" 79
"../../../Engine/Content/EngineMaterials/PreintegratedSkinBRDF.uasset" 80
"../../../Engine/Content/EngineMaterials/PreintegratedSkinBRDF.uexp" 81
"../../../Engine/Content/EngineMaterials/DefaultCalibrationGrayscale.uasset" 82
"../../../Engine/Content/EngineMaterials/DefaultCalibrationGrayscale.uexp" 83
"../../../Engine/Content/EngineMaterials/PPM_DefaultCalibrationGrayscale.uasset" 84
"../../../Engine/Content/EngineMaterials/PPM_DefaultCalibrationGrayscale.uexp" 85
"../../../Engine/Content/EngineMaterials/DefaultCalibrationColor.uasset" 86
"../../../Engine/Content/EngineMaterials/DefaultCalibrationColor.uexp" 87
"../../../Engine/Content/EngineMaterials/PPM_DefaultCalibrationColor.uasset" 88
"../../../Engine/Content/EngineMaterials/PPM_DefaultCalibrationColor.uexp" 89
"../../../Engine/Content/Functions/Engine_MaterialFunctions02/WorldPositionOffset/CameraOffset.uasset" 90
"../../../Engine/Content/Functions/Engine_MaterialFunctions02/WorldPositionOffset/CameraOffset.uexp" 91
"../../../Engine/Content/EngineMaterials/PhAT_JointLimitMaterial.uasset" 92
"../../../Engine/Content/EngineMaterials/PhAT_JointLimitMaterial.uexp" 93
"../../../Engine/Content/EngineMaterials/InvalidLightmapSettings.ubulk" 94
"../../../Engine/Content/EngineMaterials/InvalidLightmapSettings.uasset" 95
"../../../Engine/Content/EngineMaterials/InvalidLightmapSettings.uexp" 96
"../../../Engine/Content/EngineMaterials/M_InvalidLightmapSettings.uasset" 97
"../../../Engine/Content/EngineMaterials/M_InvalidLightmapSettings.uexp" 98
"../../../Engine/Content/EngineMaterials/MiniFont.uasset" 99
"../../../Engine/Content/EngineMaterials/MiniFont.uexp" 100
"../../../Engine/Content/EngineMaterials/Good64x64TilingNoiseHighFreq.uasset" 101
"../../../Engine/Content/EngineMaterials/Good64x64TilingNoiseHighFreq.uexp" 102
"../../../Engine/Content/EngineMaterials/GizmoMaterial.uasset" 103
"../../../Engine/Content/EngineMaterials/GizmoMaterial.uexp" 104
"../../../Engine/Content/EngineMaterials/BaseFlattenEmissiveMap_VT.uasset" 105
"../../../Engine/Content/EngineMaterials/BaseFlattenEmissiveMap_VT.uexp" 106
"../../../Engine/Content/EngineMaterials/BaseFlattenGrayscaleMap_VT.uasset" 107
"../../../Engine/Content/EngineMaterials/BaseFlattenGrayscaleMap_VT.uexp" 108
"../../../Engine/Content/EngineMaterials/BaseFlattenLinearColor_VT.uasset" 109
"../../../Engine/Content/EngineMaterials/BaseFlattenLinearColor_VT.uexp" 110
"../../../Engine/Content/EngineMaterials/Black_1x1_EXR_Texture_VT.uasset" 111
"../../../Engine/Content/EngineMaterials/Black_1x1_EXR_Texture_VT.uexp" 112
"../../../Engine/Content/EngineMaterials/BaseFlattenDiffuseMap_VT.uasset" 113
"../../../Engine/Content/EngineMaterials/BaseFlattenDiffuseMap_VT.uexp" 114
"../../../Engine/Content/EngineMaterials/BaseFlattenNormalMap_VT.uasset" 115
"../../../Engine/Content/EngineMaterials/BaseFlattenNormalMap_VT.uexp" 116
"../../../Engine/Content/EngineMaterials/FlattenMaterial_WS_Normal_VT.uasset" 117
"../../../Engine/Content/EngineMaterials/FlattenMaterial_WS_Normal_VT.uexp" 118
"../../../Engine/Content/EngineMaterials/FlattenMaterial_VT.uasset" 119
"../../../Engine/Content/EngineMaterials/FlattenMaterial_VT.uexp" 120
"../../../Engine/Content/EngineMaterials/BaseFlattenNormalMap.uasset" 121
"../../../Engine/Content/EngineMaterials/BaseFlattenNormalMap.uexp" 122
"../../../Engine/Content/EngineMaterials/BaseFlattenGrayscaleMap.uasset" 123
"../../../Engine/Content/EngineMaterials/BaseFlattenGrayscaleMap.uexp" 124
"../../../Engine/Content/EngineMaterials/BaseFlattenDiffuseMap.uasset" 125
"../../../Engine/Content/EngineMaterials/BaseFlattenDiffuseMap.uexp" 126
"../../../Engine/Content/Functions/Engine_MaterialFunctions02/PivotPainter2/Black_1x1_EXR_Texture.uasset" 127
"../../../Engine/Content/Functions/Engine_MaterialFunctions02/PivotPainter2/Black_1x1_EXR_Texture.uexp" 128
"../../../Engine/Content/EngineMaterials/BaseFlattenEmissiveMap.uasset" 129
"../../../Engine/Content/EngineMaterials/BaseFlattenEmissiveMap.uexp" 130
"../../../Engine/Content/EngineMaterials/BaseFlattenLinearColor.uasset" 131
"../../../Engine/Content/EngineMaterials/BaseFlattenLinearColor.uexp" 132
"../../../Engine/Content/EngineMaterials/FlattenMaterial.uasset" 133
"../../../Engine/Content/EngineMaterials/FlattenMaterial.uexp" 134
"../../../Engine/Content/EngineMaterials/DefaultWhiteGrid_Low.uasset" 135
"../../../Engine/Content/EngineMaterials/DefaultWhiteGrid_Low.uexp" 136
"../../../Engine/Content/EngineMaterials/EmissiveMeshMaterial.uasset" 137
"../../../Engine/Content/EngineMaterials/EmissiveMeshMaterial.uexp" 138
"../../../Engine/Content/EngineMaterials/DefaultWhiteGrid.ubulk" 139
"../../../Engine/Content/EngineMaterials/DefaultWhiteGrid.uasset" 140
"../../../Engine/Content/EngineMaterials/DefaultWhiteGrid.uexp" 141
"../../../Engine/Content/EngineFonts/RobotoDistanceField.uasset" 142
"../../../Engine/Content/EngineFonts/RobotoDistanceField.uexp" 143
"../../../Engine/Content/EngineMaterials/DefaultTextMaterialOpaque.uasset" 144
"../../../Engine/Content/EngineMaterials/DefaultTextMaterialOpaque.uexp" 145
"../../../Engine/Content/EngineMaterials/DefaultDiffuse.ubulk" 146
"../../../Engine/Content/EngineMaterials/DefaultDiffuse.uasset" 147
"../../../Engine/Content/EngineMaterials/DefaultDiffuse.uexp" 148
"../../../Engine/Content/Functions/Engine_MaterialFunctions02/Utility/BreakOutFloat2Components.uasset" 149
"../../../Engine/Content/Functions/Engine_MaterialFunctions02/Utility/BreakOutFloat2Components.uexp" 150
"../../../Engine/Content/EngineMaterials/DefaultPostProcessMaterial.uasset" 151
"../../../Engine/Content/EngineMaterials/DefaultPostProcessMaterial.uexp" 152
"../../../Engine/Content/EngineMaterials/DefaultPhysicalMaterial.uasset" 153
"../../../Engine/Content/EngineMaterials/DefaultPhysicalMaterial.uexp" 154
"../../../Engine/Content/EngineMaterials/DefaultLightFunctionMaterial.uasset" 155
"../../../Engine/Content/EngineMaterials/DefaultLightFunctionMaterial.uexp" 156
"../../../Engine/Content/EngineMaterials/DefaultDestructiblePhysicalMaterial.uasset" 157
"../../../Engine/Content/EngineMaterials/DefaultDestructiblePhysicalMaterial.uexp" 158
"../../../Engine/Content/EngineMaterials/DefaultDeferredDecalMaterial.uasset" 159
"../../../Engine/Content/EngineMaterials/DefaultDeferredDecalMaterial.uexp" 160
"../../../Engine/Content/EngineMaterials/DefaultBokeh.uasset" 161
"../../../Engine/Content/EngineMaterials/DefaultBokeh.uexp" 162
"../../../Engine/Content/EngineMaterials/DefaultBloomKernel.uasset" 163
"../../../Engine/Content/EngineMaterials/DefaultBloomKernel.uexp" 164
"../../../Engine/Content/EngineMaterials/BlueNoise.uasset" 165
"../../../Engine/Content/EngineMaterials/BlueNoise.uexp" 166
"../../../Engine/Content/EngineFonts/Faces/RobotoLight.uexp" 167
"../../../Engine/Content/EngineFonts/Faces/RobotoLight.uasset" 168
"../../../Engine/Content/EngineFonts/Faces/RobotoLight.ufont" 169
"../../../Engine/Content/EngineFonts/Faces/RobotoBold.uexp" 170
"../../../Engine/Content/EngineFonts/Faces/RobotoBold.uasset" 171
"../../../Engine/Content/EngineFonts/Faces/RobotoBold.ufont" 172
"../../../Engine/Content/EngineFonts/Faces/RobotoRegular.uexp" 173
"../../../Engine/Content/EngineFonts/Faces/RobotoRegular.uasset" 174
"../../../Engine/Content/EngineFonts/Faces/RobotoRegular.ufont" 175
"../../../Engine/Content/EngineFonts/Faces/DroidSansFallback.uexp" 176
"../../../Engine/Content/EngineFonts/Faces/DroidSansFallback.uasset" 177
"../../../Engine/Content/EngineFonts/Faces/DroidSansFallback.ufont" 178
"../../../Engine/Content/EngineFonts/Faces/RobotoItalic.uexp" 179
"../../../Engine/Content/EngineFonts/Faces/RobotoItalic.uasset" 180
"../../../Engine/Content/EngineFonts/Faces/RobotoItalic.ufont" 181
"../../../Engine/Content/EngineFonts/Faces/RobotoBoldItalic.uexp" 182
"../../../Engine/Content/EngineFonts/Faces/RobotoBoldItalic.uasset" 183
"../../../Engine/Content/EngineFonts/Faces/RobotoBoldItalic.ufont" 184
"../../../Engine/Content/EngineFonts/Roboto.uasset" 185
"../../../Engine/Content/EngineFonts/Roboto.uexp" 186
"../../../Engine/Content/Functions/Engine_MaterialFunctions02/Utility/CameraDirectionVector.uasset" 187
"../../../Engine/Content/Functions/Engine_MaterialFunctions02/Utility/CameraDirectionVector.uexp" 188
"../../../Engine/Content/EngineDebugMaterials/VolumeToRender.uasset" 189
"../../../Engine/Content/EngineDebugMaterials/VolumeToRender.uexp" 190
"../../../Engine/Content/EngineDebugMaterials/M_VolumeRenderSphereTracePP.uasset" 191
"../../../Engine/Content/EngineDebugMaterials/M_VolumeRenderSphereTracePP.uexp" 192
"../../../Engine/Content/EngineDebugMaterials/M_SimpleUnlitTranslucent.uasset" 193
"../../../Engine/Content/EngineDebugMaterials/M_SimpleUnlitTranslucent.uexp" 194
"../../../Engine/Content/EngineDebugMaterials/DebugMeshMaterial.uasset" 195
"../../../Engine/Content/EngineDebugMaterials/DebugMeshMaterial.uexp" 196
"../../../Engine/Content/EngineDebugMaterials/DebugEditorMaterial.uasset" 197
"../../../Engine/Content/EngineDebugMaterials/DebugEditorMaterial.uexp" 198
"../../../Engine/Content/EngineDamageTypes/DmgTypeBP_Environmental.uasset" 199
"../../../Engine/Content/EngineDamageTypes/DmgTypeBP_Environmental.uexp" 200
"../../../Engine/Content/EditorResources/S_TriggerSphere.uasset" 201
"../../../Engine/Content/EditorResources/S_TriggerSphere.uexp" 202
"../../../Engine/Content/EditorResources/S_TriggerCapsule.uasset" 203
"../../../Engine/Content/EditorResources/S_TriggerCapsule.uexp" 204
"../../../Engine/Content/EditorResources/S_TriggerBox.uasset" 205
"../../../Engine/Content/EditorResources/S_TriggerBox.uexp" 206
"../../../Engine/Content/EditorResources/S_Trigger.ubulk" 207
"../../../Engine/Content/EditorResources/S_Trigger.uasset" 208
"../../../Engine/Content/EditorResources/S_Trigger.uexp" 209
"../../../Engine/Content/EditorResources/S_Terrain.ubulk" 210
"../../../Engine/Content/EditorResources/S_Terrain.uasset" 211
"../../../Engine/Content/EditorResources/S_Terrain.uexp" 212
"../../../Engine/Content/EditorResources/S_Solver.ubulk" 213
"../../../Engine/Content/EditorResources/S_Solver.uasset" 214
"../../../Engine/Content/EditorResources/S_Solver.uexp" 215
"../../../Engine/Content/EditorResources/S_BoxReflectionCapture.uasset" 216
"../../../Engine/Content/EditorResources/S_BoxReflectionCapture.uexp" 217
"../../../Engine/Content/EditorResources/S_Actor.ubulk" 218
"../../../Engine/Content/EditorResources/S_Actor.uasset" 219
"../../../Engine/Content/EditorResources/S_Actor.uexp" 220
"../../../Engine/Content/EditorResources/EmptyActor.uasset" 221
"../../../Engine/Content/EditorResources/EmptyActor.uexp" 222
"../../../Engine/Content/EditorResources/BSPVertex.uasset" 223
"../../../Engine/Content/EditorResources/BSPVertex.uexp" 224
"../../../Engine/Content/EditorResources/SequenceRecorder/RecordingIndicator.uasset" 225
"../../../Engine/Content/EditorResources/SequenceRecorder/RecordingIndicator.uexp" 226
"../../../Engine/Content/EditorResources/SequenceRecorder/Countdown.uasset" 227
"../../../Engine/Content/EditorResources/SequenceRecorder/Countdown.uexp" 228
"../../../Engine/Content/EditorMaterials/Camera/CineMat.uasset" 229
"../../../Engine/Content/EditorMaterials/Camera/CineMat.uexp" 230
"../../../Engine/Content/EditorMaterials/Camera/MI_CineMat_Rig.uasset" 231
"../../../Engine/Content/EditorMaterials/Camera/MI_CineMat_Rig.uexp" 232
"../../../Engine/Content/EditorMeshes/Camera/SM_RailRig_Track.ubulk" 233
"../../../Engine/Content/EditorMeshes/Camera/SM_RailRig_Track.uasset" 234
"../../../Engine/Content/EditorMeshes/Camera/SM_RailRig_Track.uexp" 235
"../../../Engine/Content/EditorMeshes/Camera/SM_RailRig_Mount.ubulk" 236
"../../../Engine/Content/EditorMeshes/Camera/SM_RailRig_Mount.uasset" 237
"../../../Engine/Content/EditorMeshes/Camera/SM_RailRig_Mount.uexp" 238
"../../../Engine/Content/EditorMeshes/Camera/SM_CraneRig_Mount.ubulk" 239
"../../../Engine/Content/EditorMeshes/Camera/SM_CraneRig_Mount.uasset" 240
"../../../Engine/Content/EditorMeshes/Camera/SM_CraneRig_Mount.uexp" 241
"../../../Engine/Content/EditorMeshes/Camera/SM_CraneRig_Body.ubulk" 242
"../../../Engine/Content/EditorMeshes/Camera/SM_CraneRig_Body.uasset" 243
"../../../Engine/Content/EditorMeshes/Camera/SM_CraneRig_Body.uexp" 244
"../../../Engine/Content/EditorMeshes/Camera/SM_CraneRig_Base.ubulk" 245
"../../../Engine/Content/EditorMeshes/Camera/SM_CraneRig_Base.uasset" 246
"../../../Engine/Content/EditorMeshes/Camera/SM_CraneRig_Base.uexp" 247
"../../../Engine/Content/EditorMeshes/Camera/SM_CraneRig_Arm.ubulk" 248
"../../../Engine/Content/EditorMeshes/Camera/SM_CraneRig_Arm.uasset" 249
"../../../Engine/Content/EditorMeshes/Camera/SM_CraneRig_Arm.uexp" 250
"../../../Engine/Content/EditorMaterials/PreviewShadowIndicator.ubulk" 251
"../../../Engine/Content/EditorMaterials/PreviewShadowIndicator.uasset" 252
"../../../Engine/Content/EditorMaterials/PreviewShadowIndicator.uexp" 253
"../../../Engine/Content/EditorMaterials/PreviewShadowIndicatorMaterial.uasset" 254
"../../../Engine/Content/EditorMaterials/PreviewShadowIndicatorMaterial.uexp" 255
"../../../Engine/Content/EditorMaterials/MAT_Groups_Visibility.uasset" 256
"../../../Engine/Content/EditorMaterials/MAT_Groups_Visibility.uexp" 257
"../../../Engine/Content/EditorMaterials/MAT_Groups_Toggle.uasset" 258
"../../../Engine/Content/EditorMaterials/MAT_Groups_Toggle.uexp" 259
"../../../Engine/Content/Functions/Engine_MaterialFunctions02/Utility/MakeFloat4.uasset" 260
"../../../Engine/Content/Functions/Engine_MaterialFunctions02/Utility/MakeFloat4.uexp" 261
"../../../Engine/Content/Functions/Engine_MaterialFunctions02/Utility/MakeFloat3.uasset" 262
"../../../Engine/Content/Functions/Engine_MaterialFunctions02/Utility/MakeFloat3.uexp" 263
"../../../Engine/Content/Functions/Engine_MaterialFunctions02/Utility/BreakOutFloat3Components.uasset" 264
"../../../Engine/Content/Functions/Engine_MaterialFunctions02/Utility/BreakOutFloat3Components.uexp" 265
"../../../Engine/Content/EditorMaterials/WorldPartition/WorldPartitionSpatialHashGridPreviewMaterial.uasset" 266
"../../../Engine/Content/EditorMaterials/WorldPartition/WorldPartitionSpatialHashGridPreviewMaterial.uexp" 267
"../../../Engine/Content/EditorMaterials/ParticleSystems/PSysThumbnail_OOD.ubulk" 268
"../../../Engine/Content/EditorMaterials/ParticleSystems/PSysThumbnail_OOD.uasset" 269
"../../../Engine/Content/EditorMaterials/ParticleSystems/PSysThumbnail_OOD.uexp" 270
"../../../Engine/Content/EditorMaterials/ParticleSystems/PSysThumbnail_NoImage.ubulk" 271
"../../../Engine/Content/EditorMaterials/ParticleSystems/PSysThumbnail_NoImage.uasset" 272
"../../../Engine/Content/EditorMaterials/ParticleSystems/PSysThumbnail_NoImage.uexp" 273
"../../../Engine/Content/EditorMaterials/MatineeGroups/MAT_Groups_Vector.uasset" 274
"../../../Engine/Content/EditorMaterials/MatineeGroups/MAT_Groups_Vector.uexp" 275
"../../../Engine/Content/EditorMaterials/MatineeGroups/MAT_Groups_Sound.uasset" 276
"../../../Engine/Content/EditorMaterials/MatineeGroups/MAT_Groups_Sound.uexp" 277
"../../../Engine/Content/EditorMaterials/MatineeGroups/MAT_Groups_Slomo.uasset" 278
"../../../Engine/Content/EditorMaterials/MatineeGroups/MAT_Groups_Slomo.uexp" 279
"../../../Engine/Content/EditorMaterials/MatineeGroups/MAT_Groups_Move.uasset" 280
"../../../Engine/Content/EditorMaterials/MatineeGroups/MAT_Groups_Move.uexp" 281
"../../../Engine/Content/EditorMaterials/MatineeGroups/MAT_Groups_Float.uasset" 282
"../../../Engine/Content/EditorMaterials/MatineeGroups/MAT_Groups_Float.uexp" 283
"../../../Engine/Content/EditorMaterials/MatineeGroups/MAT_Groups_Fade.uasset" 284
"../../../Engine/Content/EditorMaterials/MatineeGroups/MAT_Groups_Fade.uexp" 285
"../../../Engine/Content/EditorMaterials/MatineeGroups/MAT_Groups_Event.uasset" 286
"../../../Engine/Content/EditorMaterials/MatineeGroups/MAT_Groups_Event.uexp" 287
"../../../Engine/Content/EditorMaterials/MatineeGroups/MAT_Groups_Director.uasset" 288
"../../../Engine/Content/EditorMaterials/MatineeGroups/MAT_Groups_Director.uexp" 289
"../../../Engine/Content/EditorMaterials/MatineeGroups/MAT_Groups_AudioMaster.uasset" 290
"../../../Engine/Content/EditorMaterials/MatineeGroups/MAT_Groups_AudioMaster.uexp" 291
"../../../Engine/Content/EditorMaterials/MatineeGroups/MAT_Groups_Anim.uasset" 292
"../../../Engine/Content/EditorMaterials/MatineeGroups/MAT_Groups_Anim.uexp" 293
"../../../Engine/Content/EditorMaterials/MatineeGroups/MAT_ColorTrack.uasset" 294
"../../../Engine/Content/EditorMaterials/MatineeGroups/MAT_ColorTrack.uexp" 295
"../../../Engine/Content/EditorLandscapeResources/DefaultAlphaTexture.uasset" 296
"../../../Engine/Content/EditorLandscapeResources/DefaultAlphaTexture.uexp" 297
"../../../Engine/Content/EditorLandscapeResources/DataLayer.uasset" 298
"../../../Engine/Content/EditorLandscapeResources/DataLayer.uexp" 299
"../../../Engine/Content/EngineMaterials/T_Default_Material_Grid_M.ubulk" 300
"../../../Engine/Content/EngineMaterials/T_Default_Material_Grid_M.uasset" 301
"../../../Engine/Content/EngineMaterials/T_Default_Material_Grid_M.uexp" 302
"../../../Engine/Content/EngineMaterials/T_Default_Material_Grid_N.ubulk" 303
"../../../Engine/Content/EngineMaterials/T_Default_Material_Grid_N.uasset" 304
"../../../Engine/Content/EngineMaterials/T_Default_Material_Grid_N.uexp" 305
"../../../Engine/Content/Functions/Engine_MaterialFunctions01/Opacity/CameraDepthFade.uasset" 306
"../../../Engine/Content/Functions/Engine_MaterialFunctions01/Opacity/CameraDepthFade.uexp" 307
"../../../Engine/Content/EngineMaterials/DefaultMaterial.uasset" 308
"../../../Engine/Content/EngineMaterials/DefaultMaterial.uexp" 309
"../../../Engine/Content/BasicShapes/Sphere.ubulk" 310
"../../../Engine/Content/BasicShapes/Sphere.uasset" 311
"../../../Engine/Content/BasicShapes/Sphere.uexp" 312
"../../../Engine/Content/EngineMaterials/WorldGridMaterial.uasset" 313
"../../../Engine/Content/EngineMaterials/WorldGridMaterial.uexp" 314
"../../../Engine/Content/BasicShapes/Plane.ubulk" 315
"../../../Engine/Content/BasicShapes/Plane.uasset" 316
"../../../Engine/Content/BasicShapes/Plane.uexp" 317
"../../../Engine/Content/BasicShapes/Cylinder.ubulk" 318
"../../../Engine/Content/BasicShapes/Cylinder.uasset" 319
"../../../Engine/Content/BasicShapes/Cylinder.uexp" 320
"../../../Engine/Content/BasicShapes/Cube.ubulk" 321
"../../../Engine/Content/BasicShapes/Cube.uasset" 322
"../../../Engine/Content/BasicShapes/Cube.uexp" 323
"../../../Engine/Content/BasicShapes/Cone.ubulk" 324
"../../../Engine/Content/BasicShapes/Cone.uasset" 325
"../../../Engine/Content/BasicShapes/Cone.uexp" 326
"../../../Engine/Content/ArtTools/RenderToTexture/Meshes/S_1_Unit_Plane.ubulk" 327
"../../../Engine/Content/ArtTools/RenderToTexture/Meshes/S_1_Unit_Plane.uasset" 328
"../../../Engine/Content/ArtTools/RenderToTexture/Meshes/S_1_Unit_Plane.uexp" 329
"../../../Engine/Content/MobileResources/HUD/VirtualJoystick_Background.uasset" 330
"../../../Engine/Content/MobileResources/HUD/VirtualJoystick_Background.uexp" 331
"../../../Engine/Content/MobileResources/HUD/VirtualJoystick_Thumb.uasset" 332
"../../../Engine/Content/MobileResources/HUD/VirtualJoystick_Thumb.uexp" 333
"../../../Engine/Content/MobileResources/HUD/DefaultVirtualJoysticks.uasset" 334
"../../../Engine/Content/MobileResources/HUD/DefaultVirtualJoysticks.uexp" 335
"../../../Engine/Content/EngineMaterials/BlendFunc_DefBlend.uasset" 336
"../../../Engine/Content/EngineMaterials/BlendFunc_DefBlend.uexp" 337
"../../../Engine/Content/EngineMaterials/BlendFunc_DefBase.uasset" 338
"../../../Engine/Content/EngineMaterials/BlendFunc_DefBase.uexp" 339
"../../../Engine/Content/Functions/Engine_MaterialFunctions03/Blends/Blend_Overlay.uasset" 340
"../../../Engine/Content/Functions/Engine_MaterialFunctions03/Blends/Blend_Overlay.uexp" 341
"../../../Engine/Content/OpenWorldTemplate/LandscapeMaterial/T_GridChecker_A.ubulk" 342
"../../../Engine/Content/OpenWorldTemplate/LandscapeMaterial/T_GridChecker_A.uasset" 343
"../../../Engine/Content/OpenWorldTemplate/LandscapeMaterial/T_GridChecker_A.uexp" 344
"../../../Engine/Content/Functions/Engine_MaterialFunctions01/Gradient/LinearGradient.uasset" 345
"../../../Engine/Content/Functions/Engine_MaterialFunctions01/Gradient/LinearGradient.uexp" 346
"../../../Engine/Content/Functions/Engine_MaterialFunctions01/ImageAdjustment/CheapContrast.uasset" 347
"../../../Engine/Content/Functions/Engine_MaterialFunctions01/ImageAdjustment/CheapContrast.uexp" 348
"../../../Engine/Content/OpenWorldTemplate/LandscapeMaterial/MF_ProcGrid.uasset" 349
"../../../Engine/Content/OpenWorldTemplate/LandscapeMaterial/MF_ProcGrid.uexp" 350
"../../../Engine/Content/OpenWorldTemplate/LandscapeMaterial/M_ProcGrid.uasset" 351
"../../../Engine/Content/OpenWorldTemplate/LandscapeMaterial/M_ProcGrid.uexp" 352
"../../../Engine/Content/Tutorial/ContentIntroCurve.uasset" 353
"../../../Engine/Content/Tutorial/ContentIntroCurve.uexp" 354
"../../../Engine/Content/VREditor/TransformGizmo/Main.uasset" 355
"../../../Engine/Content/VREditor/TransformGizmo/Main.uexp" 356
"../../../Engine/Content/VREditor/TransformGizmo/Xray.uasset" 357
"../../../Engine/Content/VREditor/TransformGizmo/Xray.uexp" 358
"../../../Engine/Content/VREditor/TransformGizmo/SM_Sequencer_Node.ubulk" 359
"../../../Engine/Content/VREditor/TransformGizmo/SM_Sequencer_Node.uasset" 360
"../../../Engine/Content/VREditor/TransformGizmo/SM_Sequencer_Node.uexp" 361
"../../../Engine/Content/VREditor/LaserPointer/VR_LaserPower_01.ubulk" 362
"../../../Engine/Content/VREditor/LaserPointer/VR_LaserPower_01.uasset" 363
"../../../Engine/Content/VREditor/LaserPointer/VR_LaserPower_01.uexp" 364
"../../../Engine/Content/VREditor/TransformGizmo/TransformGizmoMaterial.uasset" 365
"../../../Engine/Content/VREditor/TransformGizmo/TransformGizmoMaterial.uexp" 366
"../../../Engine/Content/VREditor/TransformGizmo/TranslucentTransformGizmoMaterial.uasset" 367
"../../../Engine/Content/VREditor/TransformGizmo/TranslucentTransformGizmoMaterial.uexp" 368
"../../../Engine/Content/VREditor/TransformGizmo/PlaneTranslationHandle.ubulk" 369
"../../../Engine/Content/VREditor/TransformGizmo/PlaneTranslationHandle.uasset" 370
"../../../Engine/Content/VREditor/TransformGizmo/PlaneTranslationHandle.uexp" 371
"../../../Engine/Content/VREditor/TransformGizmo/BoundingBoxEdge.ubulk" 372
"../../../Engine/Content/VREditor/TransformGizmo/BoundingBoxEdge.uasset" 373
"../../../Engine/Content/VREditor/TransformGizmo/BoundingBoxEdge.uexp" 374
"../../../Engine/Content/VREditor/TransformGizmo/BoundingBoxCorner.ubulk" 375
"../../../Engine/Content/VREditor/TransformGizmo/BoundingBoxCorner.uasset" 376
"../../../Engine/Content/VREditor/TransformGizmo/BoundingBoxCorner.uexp" 377
"../../../Engine/Plugins/2D/Paper2D/Content/PlaceholderTextures/DummySpriteTexture.ubulk" 378
"../../../Engine/Plugins/2D/Paper2D/Content/PlaceholderTextures/DummySpriteTexture.uasset" 379
"../../../Engine/Plugins/2D/Paper2D/Content/PlaceholderTextures/DummySpriteTexture.uexp" 380
"../../../Engine/Plugins/2D/Paper2D/Content/DefaultSpriteMaterial.uasset" 381
"../../../Engine/Plugins/2D/Paper2D/Content/DefaultSpriteMaterial.uexp" 382
"../../../Engine/Plugins/2D/Paper2D/Content/OpaqueUnlitSpriteMaterial.uasset" 383
"../../../Engine/Plugins/2D/Paper2D/Content/OpaqueUnlitSpriteMaterial.uexp" 384
"../../../Engine/Plugins/2D/Paper2D/Content/MaskedUnlitSpriteMaterial.uasset" 385
"../../../Engine/Plugins/2D/Paper2D/Content/MaskedUnlitSpriteMaterial.uexp" 386
"../../../Engine/Plugins/2D/Paper2D/Content/DummySprite.uasset" 387
"../../../Engine/Plugins/2D/Paper2D/Content/DummySprite.uexp" 388
"../../../Engine/Plugins/2D/Paper2D/Content/DefaultPaperTerrainMaterial.uasset" 389
"../../../Engine/Plugins/2D/Paper2D/Content/DefaultPaperTerrainMaterial.uexp" 390
"../../../Engine/Plugins/Animation/ControlRig/Content/M_Manip.uasset" 391
"../../../Engine/Plugins/Animation/ControlRig/Content/M_Manip.uexp" 392
"../../../Engine/Plugins/Animation/ControlRig/Content/Controls/DefaultGizmoLibraryNormalized.uasset" 393
"../../../Engine/Plugins/Animation/ControlRig/Content/Controls/DefaultGizmoLibraryNormalized.uexp" 394
"../../../Engine/Plugins/Animation/ControlRig/Content/Controls/ControlRig_Wedge_solid.ubulk" 395
"../../../Engine/Plugins/Animation/ControlRig/Content/Controls/ControlRig_Wedge_solid.uasset" 396
"../../../Engine/Plugins/Animation/ControlRig/Content/Controls/ControlRig_Wedge_solid.uexp" 397
"../../../Engine/Plugins/Animation/ControlRig/Content/Controls/ControlRig_Wedge_3mm.ubulk" 398
"../../../Engine/Plugins/Animation/ControlRig/Content/Controls/ControlRig_Wedge_3mm.uasset" 399
"../../../Engine/Plugins/Animation/ControlRig/Content/Controls/ControlRig_Wedge_3mm.uexp" 400
"../../../Engine/Plugins/Animation/ControlRig/Content/Controls/ControlRig_Wedge_1mm.ubulk" 401
"../../../Engine/Plugins/Animation/ControlRig/Content/Controls/ControlRig_Wedge_1mm.uasset" 402
"../../../Engine/Plugins/Animation/ControlRig/Content/Controls/ControlRig_Wedge_1mm.uexp" 403
"../../../Engine/Plugins/Animation/ControlRig/Content/Controls/ControlRig_Triangle_solid.ubulk" 404
"../../../Engine/Plugins/Animation/ControlRig/Content/Controls/ControlRig_Triangle_solid.uasset" 405
"../../../Engine/Plugins/Animation/ControlRig/Content/Controls/ControlRig_Triangle_solid.uexp" 406
"../../../Engine/Plugins/Animation/ControlRig/Content/Controls/ControlRig_Triangle_3mm.ubulk" 407
"../../../Engine/Plugins/Animation/ControlRig/Content/Controls/ControlRig_Triangle_3mm.uasset" 408
"../../../Engine/Plugins/Animation/ControlRig/Content/Controls/ControlRig_Triangle_3mm.uexp" 409
"../../../Engine/Plugins/Animation/ControlRig/Content/Controls/ControlRig_Triangle_1mm.ubulk" 410
"../../../Engine/Plugins/Animation/ControlRig/Content/Controls/ControlRig_Triangle_1mm.uasset" 411
"../../../Engine/Plugins/Animation/ControlRig/Content/Controls/ControlRig_Triangle_1mm.uexp" 412
"../../../Engine/Plugins/Animation/ControlRig/Content/Controls/ControlRig_Star4_solid.ubulk" 413
"../../../Engine/Plugins/Animation/ControlRig/Content/Controls/ControlRig_Star4_solid.uasset" 414
"../../../Engine/Plugins/Animation/ControlRig/Content/Controls/ControlRig_Star4_solid.uexp" 415
"../../../Engine/Plugins/Animation/ControlRig/Content/Controls/ControlRig_Star4_3mm.ubulk" 416
"../../../Engine/Plugins/Animation/ControlRig/Content/Controls/ControlRig_Star4_3mm.uasset" 417
"../../../Engine/Plugins/Animation/ControlRig/Content/Controls/ControlRig_Star4_3mm.uexp" 418
"../../../Engine/Plugins/Animation/ControlRig/Content/Controls/ControlRig_Star4_1mm.ubulk" 419
"../../../Engine/Plugins/Animation/ControlRig/Content/Controls/ControlRig_Star4_1mm.uasset" 420
"../../../Engine/Plugins/Animation/ControlRig/Content/Controls/ControlRig_Star4_1mm.uexp" 421
"../../../Engine/Plugins/Animation/ControlRig/Content/Controls/ControlRig_Square_solid.ubulk" 422
"../../../Engine/Plugins/Animation/ControlRig/Content/Controls/ControlRig_Square_solid.uasset" 423
"../../../Engine/Plugins/Animation/ControlRig/Content/Controls/ControlRig_Square_solid.uexp" 424
"../../../Engine/Plugins/Animation/ControlRig/Content/Controls/ControlRig_Square_3mm.ubulk" 425
"../../../Engine/Plugins/Animation/ControlRig/Content/Controls/ControlRig_Square_3mm.uasset" 426
"../../../Engine/Plugins/Animation/ControlRig/Content/Controls/ControlRig_Square_3mm.uexp" 427
"../../../Engine/Plugins/Animation/ControlRig/Content/Controls/ControlRig_Square_1mm.ubulk" 428
"../../../Engine/Plugins/Animation/ControlRig/Content/Controls/ControlRig_Square_1mm.uasset" 429
"../../../Engine/Plugins/Animation/ControlRig/Content/Controls/ControlRig_Square_1mm.uexp" 430
"../../../Engine/Plugins/Animation/ControlRig/Content/Controls/ControlRig_Sphere_solid.ubulk" 431
"../../../Engine/Plugins/Animation/ControlRig/Content/Controls/ControlRig_Sphere_solid.uasset" 432
"../../../Engine/Plugins/Animation/ControlRig/Content/Controls/ControlRig_Sphere_solid.uexp" 433
"../../../Engine/Plugins/Animation/ControlRig/Content/Controls/ControlRig_Sphere_3mm.ubulk" 434
"../../../Engine/Plugins/Animation/ControlRig/Content/Controls/ControlRig_Sphere_3mm.uasset" 435
"../../../Engine/Plugins/Animation/ControlRig/Content/Controls/ControlRig_Sphere_3mm.uexp" 436
"../../../Engine/Plugins/Animation/ControlRig/Content/Controls/ControlRig_Sphere_1mm.ubulk" 437
"../../../Engine/Plugins/Animation/ControlRig/Content/Controls/ControlRig_Sphere_1mm.uasset" 438
"../../../Engine/Plugins/Animation/ControlRig/Content/Controls/ControlRig_Sphere_1mm.uexp" 439
"../../../Engine/Plugins/Animation/ControlRig/Content/Controls/ControlRig_RoundedTriangle_solid.ubulk" 440
"../../../Engine/Plugins/Animation/ControlRig/Content/Controls/ControlRig_RoundedTriangle_solid.uasset" 441
"../../../Engine/Plugins/Animation/ControlRig/Content/Controls/ControlRig_RoundedTriangle_solid.uexp" 442
"../../../Engine/Plugins/Animation/ControlRig/Content/Controls/ControlRig_RoundedTriangle_3mm.ubulk" 443
"../../../Engine/Plugins/Animation/ControlRig/Content/Controls/ControlRig_RoundedTriangle_3mm.uasset" 444
"../../../Engine/Plugins/Animation/ControlRig/Content/Controls/ControlRig_RoundedTriangle_3mm.uexp" 445
"../../../Engine/Plugins/Animation/ControlRig/Content/Controls/ControlRig_RoundedTriangle_1mm.ubulk" 446
"../../../Engine/Plugins/Animation/ControlRig/Content/Controls/ControlRig_RoundedTriangle_1mm.uasset" 447
"../../../Engine/Plugins/Animation/ControlRig/Content/Controls/ControlRig_RoundedTriangle_1mm.uexp" 448
"../../../Engine/Plugins/Animation/ControlRig/Content/Controls/ControlRig_RoundedSquare_solid.ubulk" 449
"../../../Engine/Plugins/Animation/ControlRig/Content/Controls/ControlRig_RoundedSquare_solid.uasset" 450
"../../../Engine/Plugins/Animation/ControlRig/Content/Controls/ControlRig_RoundedSquare_solid.uexp" 451
"../../../Engine/Plugins/Animation/ControlRig/Content/Controls/ControlRig_RoundedSquare_3mm.ubulk" 452
"../../../Engine/Plugins/Animation/ControlRig/Content/Controls/ControlRig_RoundedSquare_3mm.uasset" 453
"../../../Engine/Plugins/Animation/ControlRig/Content/Controls/ControlRig_RoundedSquare_3mm.uexp" 454
"../../../Engine/Plugins/Animation/ControlRig/Content/Controls/ControlRig_RoundedSquare_1mm.ubulk" 455
"../../../Engine/Plugins/Animation/ControlRig/Content/Controls/ControlRig_RoundedSquare_1mm.uasset" 456
"../../../Engine/Plugins/Animation/ControlRig/Content/Controls/ControlRig_RoundedSquare_1mm.uexp" 457
"../../../Engine/Plugins/Animation/ControlRig/Content/Controls/ControlRig_QuarterCircle_solid.ubulk" 458
"../../../Engine/Plugins/Animation/ControlRig/Content/Controls/ControlRig_QuarterCircle_solid.uasset" 459
"../../../Engine/Plugins/Animation/ControlRig/Content/Controls/ControlRig_QuarterCircle_solid.uexp" 460
"../../../Engine/Plugins/Animation/ControlRig/Content/Controls/ControlRig_QuarterCircle_3mm.ubulk" 461
"../../../Engine/Plugins/Animation/ControlRig/Content/Controls/ControlRig_QuarterCircle_3mm.uasset" 462
"../../../Engine/Plugins/Animation/ControlRig/Content/Controls/ControlRig_QuarterCircle_3mm.uexp" 463
"../../../Engine/Plugins/Animation/ControlRig/Content/Controls/ControlRig_QuarterCircle_1mm.ubulk" 464
"../../../Engine/Plugins/Animation/ControlRig/Content/Controls/ControlRig_QuarterCircle_1mm.uasset" 465
"../../../Engine/Plugins/Animation/ControlRig/Content/Controls/ControlRig_QuarterCircle_1mm.uexp" 466
"../../../Engine/Plugins/Animation/ControlRig/Content/Controls/ControlRig_Pyramid_solid.ubulk" 467
"../../../Engine/Plugins/Animation/ControlRig/Content/Controls/ControlRig_Pyramid_solid.uasset" 468
"../../../Engine/Plugins/Animation/ControlRig/Content/Controls/ControlRig_Pyramid_solid.uexp" 469
"../../../Engine/Plugins/Animation/ControlRig/Content/Controls/ControlRig_Pyramid_3mm.ubulk" 470
"../../../Engine/Plugins/Animation/ControlRig/Content/Controls/ControlRig_Pyramid_3mm.uasset" 471
"../../../Engine/Plugins/Animation/ControlRig/Content/Controls/ControlRig_Pyramid_3mm.uexp" 472
"../../../Engine/Plugins/Animation/ControlRig/Content/Controls/ControlRig_Pyramid_1mm.ubulk" 473
"../../../Engine/Plugins/Animation/ControlRig/Content/Controls/ControlRig_Pyramid_1mm.uasset" 474
"../../../Engine/Plugins/Animation/ControlRig/Content/Controls/ControlRig_Pyramid_1mm.uexp" 475
"../../../Engine/Plugins/Animation/ControlRig/Content/Controls/ControlRig_Octagon_solid.ubulk" 476
"../../../Engine/Plugins/Animation/ControlRig/Content/Controls/ControlRig_Octagon_solid.uasset" 477
"../../../Engine/Plugins/Animation/ControlRig/Content/Controls/ControlRig_Octagon_solid.uexp" 478
"../../../Engine/Plugins/Animation/ControlRig/Content/Controls/ControlRig_Octagon_3mm.ubulk" 479
"../../../Engine/Plugins/Animation/ControlRig/Content/Controls/ControlRig_Octagon_3mm.uasset" 480
"../../../Engine/Plugins/Animation/ControlRig/Content/Controls/ControlRig_Octagon_3mm.uexp" 481
"../../../Engine/Plugins/Animation/ControlRig/Content/Controls/ControlRig_Octagon_1mm.ubulk" 482
"../../../Engine/Plugins/Animation/ControlRig/Content/Controls/ControlRig_Octagon_1mm.uasset" 483
"../../../Engine/Plugins/Animation/ControlRig/Content/Controls/ControlRig_Octagon_1mm.uexp" 484
"../../../Engine/Plugins/Animation/ControlRig/Content/Controls/ControlRig_Hexagon_solid.ubulk" 485
"../../../Engine/Plugins/Animation/ControlRig/Content/Controls/ControlRig_Hexagon_solid.uasset" 486
"../../../Engine/Plugins/Animation/ControlRig/Content/Controls/ControlRig_Hexagon_solid.uexp" 487
"../../../Engine/Plugins/Animation/ControlRig/Content/Controls/ControlRig_Hexagon_3mm.ubulk" 488
"../../../Engine/Plugins/Animation/ControlRig/Content/Controls/ControlRig_Hexagon_3mm.uasset" 489
"../../../Engine/Plugins/Animation/ControlRig/Content/Controls/ControlRig_Hexagon_3mm.uexp" 490
"../../../Engine/Plugins/Animation/ControlRig/Content/Controls/ControlRig_Hexagon_1mm.ubulk" 491
"../../../Engine/Plugins/Animation/ControlRig/Content/Controls/ControlRig_Hexagon_1mm.uasset" 492
"../../../Engine/Plugins/Animation/ControlRig/Content/Controls/ControlRig_Hexagon_1mm.uexp" 493
"../../../Engine/Plugins/Animation/ControlRig/Content/Controls/ControlRig_HalfCircle_solid.ubulk" 494
"../../../Engine/Plugins/Animation/ControlRig/Content/Controls/ControlRig_HalfCircle_solid.uasset" 495
"../../../Engine/Plugins/Animation/ControlRig/Content/Controls/ControlRig_HalfCircle_solid.uexp" 496
"../../../Engine/Plugins/Animation/ControlRig/Content/Controls/ControlRig_HalfCircle_3mm.ubulk" 497
"../../../Engine/Plugins/Animation/ControlRig/Content/Controls/ControlRig_HalfCircle_3mm.uasset" 498
"../../../Engine/Plugins/Animation/ControlRig/Content/Controls/ControlRig_HalfCircle_3mm.uexp" 499
"../../../Engine/Plugins/Animation/ControlRig/Content/Controls/ControlRig_HalfCircle_1mm.ubulk" 500
"../../../Engine/Plugins/Animation/ControlRig/Content/Controls/ControlRig_HalfCircle_1mm.uasset" 501
"../../../Engine/Plugins/Animation/ControlRig/Content/Controls/ControlRig_HalfCircle_1mm.uexp" 502
"../../../Engine/Plugins/Animation/ControlRig/Content/Controls/ControlRig_Diamond_solid.ubulk" 503
"../../../Engine/Plugins/Animation/ControlRig/Content/Controls/ControlRig_Diamond_solid.uasset" 504
"../../../Engine/Plugins/Animation/ControlRig/Content/Controls/ControlRig_Diamond_solid.uexp" 505
"../../../Engine/Plugins/Animation/ControlRig/Content/Controls/ControlRig_Diamond_3mm.ubulk" 506
"../../../Engine/Plugins/Animation/ControlRig/Content/Controls/ControlRig_Diamond_3mm.uasset" 507
"../../../Engine/Plugins/Animation/ControlRig/Content/Controls/ControlRig_Diamond_3mm.uexp" 508
"../../../Engine/Plugins/Animation/ControlRig/Content/Controls/ControlRig_Diamond_1mm.ubulk" 509
"../../../Engine/Plugins/Animation/ControlRig/Content/Controls/ControlRig_Diamond_1mm.uasset" 510
"../../../Engine/Plugins/Animation/ControlRig/Content/Controls/ControlRig_Diamond_1mm.uexp" 511
"../../../Engine/Plugins/Animation/ControlRig/Content/Controls/ControlRig_Circle_solid.ubulk" 512
"../../../Engine/Plugins/Animation/ControlRig/Content/Controls/ControlRig_Circle_solid.uasset" 513
"../../../Engine/Plugins/Animation/ControlRig/Content/Controls/ControlRig_Circle_solid.uexp" 514
"../../../Engine/Plugins/Animation/ControlRig/Content/Controls/ControlRig_Circle_3mm.ubulk" 515
"../../../Engine/Plugins/Animation/ControlRig/Content/Controls/ControlRig_Circle_3mm.uasset" 516
"../../../Engine/Plugins/Animation/ControlRig/Content/Controls/ControlRig_Circle_3mm.uexp" 517
"../../../Engine/Plugins/Animation/ControlRig/Content/Controls/ControlRig_Circle_1mm.ubulk" 518
"../../../Engine/Plugins/Animation/ControlRig/Content/Controls/ControlRig_Circle_1mm.uasset" 519
"../../../Engine/Plugins/Animation/ControlRig/Content/Controls/ControlRig_Circle_1mm.uexp" 520
"../../../Engine/Plugins/Animation/ControlRig/Content/Controls/ControlRig_Box_solid.ubulk" 521
"../../../Engine/Plugins/Animation/ControlRig/Content/Controls/ControlRig_Box_solid.uasset" 522
"../../../Engine/Plugins/Animation/ControlRig/Content/Controls/ControlRig_Box_solid.uexp" 523
"../../../Engine/Plugins/Animation/ControlRig/Content/Controls/ControlRig_Box_3mm.ubulk" 524
"../../../Engine/Plugins/Animation/ControlRig/Content/Controls/ControlRig_Box_3mm.uasset" 525
"../../../Engine/Plugins/Animation/ControlRig/Content/Controls/ControlRig_Box_3mm.uexp" 526
"../../../Engine/Plugins/Animation/ControlRig/Content/Controls/ControlRig_Box_1mm.ubulk" 527
"../../../Engine/Plugins/Animation/ControlRig/Content/Controls/ControlRig_Box_1mm.uasset" 528
"../../../Engine/Plugins/Animation/ControlRig/Content/Controls/ControlRig_Box_1mm.uexp" 529
"../../../Engine/Plugins/Animation/ControlRig/Content/Controls/ControlRig_Arrow_solid.ubulk" 530
"../../../Engine/Plugins/Animation/ControlRig/Content/Controls/ControlRig_Arrow_solid.uasset" 531
"../../../Engine/Plugins/Animation/ControlRig/Content/Controls/ControlRig_Arrow_solid.uexp" 532
"../../../Engine/Plugins/Animation/ControlRig/Content/Controls/ControlRig_Arrow_3mm.ubulk" 533
"../../../Engine/Plugins/Animation/ControlRig/Content/Controls/ControlRig_Arrow_3mm.uasset" 534
"../../../Engine/Plugins/Animation/ControlRig/Content/Controls/ControlRig_Arrow_3mm.uexp" 535
"../../../Engine/Plugins/Animation/ControlRig/Content/Controls/ControlRig_Arrow_1mm.ubulk" 536
"../../../Engine/Plugins/Animation/ControlRig/Content/Controls/ControlRig_Arrow_1mm.uasset" 537
"../../../Engine/Plugins/Animation/ControlRig/Content/Controls/ControlRig_Arrow_1mm.uexp" 538
"../../../Engine/Plugins/Animation/ControlRig/Content/Controls/ControlRig_Arrow4_solid.ubulk" 539
"../../../Engine/Plugins/Animation/ControlRig/Content/Controls/ControlRig_Arrow4_solid.uasset" 540
"../../../Engine/Plugins/Animation/ControlRig/Content/Controls/ControlRig_Arrow4_solid.uexp" 541
"../../../Engine/Plugins/Animation/ControlRig/Content/Controls/ControlRig_Arrow4_3mm.ubulk" 542
"../../../Engine/Plugins/Animation/ControlRig/Content/Controls/ControlRig_Arrow4_3mm.uasset" 543
"../../../Engine/Plugins/Animation/ControlRig/Content/Controls/ControlRig_Arrow4_3mm.uexp" 544
"../../../Engine/Plugins/Animation/ControlRig/Content/Controls/ControlRig_Arrow4_1mm.ubulk" 545
"../../../Engine/Plugins/Animation/ControlRig/Content/Controls/ControlRig_Arrow4_1mm.uasset" 546
"../../../Engine/Plugins/Animation/ControlRig/Content/Controls/ControlRig_Arrow4_1mm.uexp" 547
"../../../Engine/Plugins/Animation/ControlRig/Content/Controls/ControlRig_Arrow2_solid.ubulk" 548
"../../../Engine/Plugins/Animation/ControlRig/Content/Controls/ControlRig_Arrow2_solid.uasset" 549
"../../../Engine/Plugins/Animation/ControlRig/Content/Controls/ControlRig_Arrow2_solid.uexp" 550
"../../../Engine/Plugins/Animation/ControlRig/Content/Controls/ControlRig_Arrow2_3mm.ubulk" 551
"../../../Engine/Plugins/Animation/ControlRig/Content/Controls/ControlRig_Arrow2_3mm.uasset" 552
"../../../Engine/Plugins/Animation/ControlRig/Content/Controls/ControlRig_Arrow2_3mm.uexp" 553
"../../../Engine/Plugins/Animation/ControlRig/Content/Controls/ControlRig_Arrow2_1mm.ubulk" 554
"../../../Engine/Plugins/Animation/ControlRig/Content/Controls/ControlRig_Arrow2_1mm.uasset" 555
"../../../Engine/Plugins/Animation/ControlRig/Content/Controls/ControlRig_Arrow2_1mm.uexp" 556
"../../../Engine/Plugins/Animation/ControlRig/Content/Controls/ControlRigGizmoMaterial.uasset" 557
"../../../Engine/Plugins/Animation/ControlRig/Content/Controls/ControlRigGizmoMaterial.uexp" 558
"../../../Engine/Plugins/Editor/SpeedTreeImporter/Content/SpeedTree9/game_wind_noise.ubulk" 559
"../../../Engine/Plugins/Editor/SpeedTreeImporter/Content/SpeedTree9/game_wind_noise.uasset" 560
"../../../Engine/Plugins/Editor/SpeedTreeImporter/Content/SpeedTree9/game_wind_noise.uexp" 561
"../../../Engine/Plugins/Editor/SpeedTreeImporter/Content/SpeedTree9/UnpackDirection.uasset" 562
"../../../Engine/Plugins/Editor/SpeedTreeImporter/Content/SpeedTree9/UnpackDirection.uexp" 563
"../../../Engine/Content/Functions/Engine_MaterialFunctions02/ObjectLocalBounds.uasset" 564
"../../../Engine/Content/Functions/Engine_MaterialFunctions02/ObjectLocalBounds.uexp" 565
"../../../Engine/Content/Functions/Engine_MaterialFunctions02/UVs/BoundingBoxBased_0-1_UVW.uasset" 566
"../../../Engine/Content/Functions/Engine_MaterialFunctions02/UVs/BoundingBoxBased_0-1_UVW.uexp" 567
"../../../Engine/Content/Functions/Engine_MaterialFunctions02/Utility/VectorLength.uasset" 568
"../../../Engine/Content/Functions/Engine_MaterialFunctions02/Utility/VectorLength.uexp" 569
"../../../Engine/Plugins/Editor/SpeedTreeImporter/Content/SpeedTree9/UnpackInteger3.uasset" 570
"../../../Engine/Plugins/Editor/SpeedTreeImporter/Content/SpeedTree9/UnpackInteger3.uexp" 571
"../../../Engine/Plugins/Editor/SpeedTreeImporter/Content/SpeedTree9/SpeedTreeCameraFacing.uasset" 572
"../../../Engine/Plugins/Editor/SpeedTreeImporter/Content/SpeedTree9/SpeedTreeCameraFacing.uexp" 573
"../../../Engine/Content/Functions/Engine_MaterialFunctions02/WorldPositionOffset/ObjectScale.uasset" 574
"../../../Engine/Content/Functions/Engine_MaterialFunctions02/WorldPositionOffset/ObjectScale.uexp" 575
"../../../Engine/Content/Functions/Engine_MaterialFunctions02/SafeNormalize.uasset" 576
"../../../Engine/Content/Functions/Engine_MaterialFunctions02/SafeNormalize.uexp" 577
"../../../Engine/Plugins/Editor/SpeedTreeImporter/Content/SpeedTree9/SpeedTreeWindMotion.uasset" 578
"../../../Engine/Plugins/Editor/SpeedTreeImporter/Content/SpeedTree9/SpeedTreeWindMotion.uexp" 579
"../../../Engine/Plugins/Editor/SpeedTreeImporter/Content/SpeedTree9/SpeedTreeBranchMotion.uasset" 580
"../../../Engine/Plugins/Editor/SpeedTreeImporter/Content/SpeedTree9/SpeedTreeBranchMotion.uexp" 581
"../../../Engine/Plugins/Editor/SpeedTreeImporter/Content/SpeedTree9/SpeedTreeWind.uasset" 582
"../../../Engine/Plugins/Editor/SpeedTreeImporter/Content/SpeedTree9/SpeedTreeWind.uexp" 583
"../../../Engine/Plugins/Editor/SpeedTreeImporter/Content/SpeedTree9/EmptyNormal.uasset" 584
"../../../Engine/Plugins/Editor/SpeedTreeImporter/Content/SpeedTree9/EmptyNormal.uexp" 585
"../../../Engine/Plugins/Editor/SpeedTreeImporter/Content/SpeedTree9/Empty.uasset" 586
"../../../Engine/Plugins/Editor/SpeedTreeImporter/Content/SpeedTree9/Empty.uexp" 587
"../../../Engine/Plugins/Editor/SpeedTreeImporter/Content/SpeedTree9/SpeedTreeMaster.uasset" 588
"../../../Engine/Plugins/Editor/SpeedTreeImporter/Content/SpeedTree9/SpeedTreeMaster.uexp" 589
"../../../Engine/Plugins/Editor/SpeedTreeImporter/Content/SpeedTree9/SpeedTreeBillboard.uasset" 590
"../../../Engine/Plugins/Editor/SpeedTreeImporter/Content/SpeedTree9/SpeedTreeBillboard.uexp" 591
"../../../Engine/Plugins/Editor/SpeedTreeImporter/Content/SpeedTree9/SpeedTreeBillboardMaster.uasset" 592
"../../../Engine/Plugins/Editor/SpeedTreeImporter/Content/SpeedTree9/SpeedTreeBillboardMaster.uexp" 593
"../../../Engine/Plugins/Runtime/HairStrands/Content/Materials/HairMeshesDefaultMaterial.uasset" 594
"../../../Engine/Plugins/Runtime/HairStrands/Content/Materials/HairMeshesDefaultMaterial.uexp" 595
"../../../Engine/Plugins/Runtime/HairStrands/Content/Materials/HairDefaultMaterial.uasset" 596
"../../../Engine/Plugins/Runtime/HairStrands/Content/Materials/HairDefaultMaterial.uexp" 597
"../../../Engine/Plugins/Runtime/HairStrands/Content/Materials/HairGroupColors.uasset" 598
"../../../Engine/Plugins/Runtime/HairStrands/Content/Materials/HairGroupColors.uexp" 599
"../../../Engine/Content/EngineMaterials/HairColorMap.uasset" 600
"../../../Engine/Content/EngineMaterials/HairColorMap.uexp" 601
"../../../Engine/Content/EngineMaterials/HairDebugColor.uasset" 602
"../../../Engine/Content/EngineMaterials/HairDebugColor.uexp" 603
"../../../Engine/Plugins/Runtime/HairStrands/Content/Materials/HairDebugMaterial.uasset" 604
"../../../Engine/Plugins/Runtime/HairStrands/Content/Materials/HairDebugMaterial.uexp" 605
"../../../Engine/Plugins/Runtime/HairStrands/Content/Materials/HairCardsDefaultMaterial.uasset" 606
"../../../Engine/Plugins/Runtime/HairStrands/Content/Materials/HairCardsDefaultMaterial.uexp" 607
"C:/UnrealLauncherpro/multicpp/Content/LevelPrototyping/Textures/T_GridChecker_A.ubulk" 608
"C:/UnrealLauncherpro/multicpp/Content/LevelPrototyping/Textures/T_GridChecker_A.uasset" 609
"C:/UnrealLauncherpro/multicpp/Content/LevelPrototyping/Textures/T_GridChecker_A.uexp" 610
"C:/UnrealLauncherpro/multicpp/Content/LevelPrototyping/Materials/MF_ProcGrid.uasset" 611
"C:/UnrealLauncherpro/multicpp/Content/LevelPrototyping/Materials/MF_ProcGrid.uexp" 612
"C:/UnrealLauncherpro/multicpp/Content/LevelPrototyping/Materials/M_PrototypeGrid.uasset" 613
"C:/UnrealLauncherpro/multicpp/Content/LevelPrototyping/Materials/M_PrototypeGrid.uexp" 614
"C:/UnrealLauncherpro/multicpp/Content/LevelPrototyping/Materials/MI_PrototypeGrid_TopDark.uasset" 615
"C:/UnrealLauncherpro/multicpp/Content/LevelPrototyping/Materials/MI_PrototypeGrid_TopDark.uexp" 616
"C:/UnrealLauncherpro/multicpp/Content/LevelPrototyping/Materials/MI_PrototypeGrid_Gray.uasset" 617
"C:/UnrealLauncherpro/multicpp/Content/LevelPrototyping/Materials/MI_PrototypeGrid_Gray.uexp" 618
"C:/UnrealLauncherpro/multicpp/Content/LevelPrototyping/Meshes/SM_Ramp.ubulk" 619
"C:/UnrealLauncherpro/multicpp/Content/LevelPrototyping/Meshes/SM_Ramp.uasset" 620
"C:/UnrealLauncherpro/multicpp/Content/LevelPrototyping/Meshes/SM_Ramp.uexp" 621
"C:/UnrealLauncherpro/multicpp/Content/LevelPrototyping/Meshes/SM_QuarterCylinder.ubulk" 622
"C:/UnrealLauncherpro/multicpp/Content/LevelPrototyping/Meshes/SM_QuarterCylinder.uasset" 623
"C:/UnrealLauncherpro/multicpp/Content/LevelPrototyping/Meshes/SM_QuarterCylinder.uexp" 624
"C:/UnrealLauncherpro/multicpp/Content/LevelPrototyping/Meshes/SM_Cube.ubulk" 625
"C:/UnrealLauncherpro/multicpp/Content/LevelPrototyping/Meshes/SM_Cube.uasset" 626
"C:/UnrealLauncherpro/multicpp/Content/LevelPrototyping/Meshes/SM_Cube.uexp" 627
"C:/UnrealLauncherpro/multicpp/Content/LevelPrototyping/Materials/M_Solid.uasset" 628
"C:/UnrealLauncherpro/multicpp/Content/LevelPrototyping/Materials/M_Solid.uexp" 629
"C:/UnrealLauncherpro/multicpp/Content/LevelPrototyping/Materials/MI_Solid_Blue.uasset" 630
"C:/UnrealLauncherpro/multicpp/Content/LevelPrototyping/Materials/MI_Solid_Blue.uexp" 631
"C:/UnrealLauncherpro/multicpp/Content/LevelPrototyping/Meshes/SM_ChamferCube.ubulk" 632
"C:/UnrealLauncherpro/multicpp/Content/LevelPrototyping/Meshes/SM_ChamferCube.uasset" 633
"C:/UnrealLauncherpro/multicpp/Content/LevelPrototyping/Meshes/SM_ChamferCube.uexp" 634
"C:/UnrealLauncherpro/multicpp/Content/Characters/Mannequins/Meshes/SK_Mannequin.uasset" 635
"C:/UnrealLauncherpro/multicpp/Content/Characters/Mannequins/Meshes/SK_Mannequin.uexp" 636
"C:/UnrealLauncherpro/multicpp/Content/Characters/Mannequins/Textures/Quinn/T_Quinn_02ID_MSR_MSK.ubulk" 637
"C:/UnrealLauncherpro/multicpp/Content/Characters/Mannequins/Textures/Quinn/T_Quinn_02ID_MSR_MSK.uasset" 638
"C:/UnrealLauncherpro/multicpp/Content/Characters/Mannequins/Textures/Quinn/T_Quinn_02ID_MSR_MSK.uexp" 639
"C:/UnrealLauncherpro/multicpp/Content/Characters/Mannequins/Textures/Quinn/T_Quinn_02ID_BN.ubulk" 640
"C:/UnrealLauncherpro/multicpp/Content/Characters/Mannequins/Textures/Quinn/T_Quinn_02ID_BN.uasset" 641
"C:/UnrealLauncherpro/multicpp/Content/Characters/Mannequins/Textures/Quinn/T_Quinn_02ID_BN.uexp" 642
"C:/UnrealLauncherpro/multicpp/Content/Characters/Mannequins/Textures/Quinn/T_Quinn_02_ASAOMASK_MSK.ubulk" 643
"C:/UnrealLauncherpro/multicpp/Content/Characters/Mannequins/Textures/Quinn/T_Quinn_02_ASAOMASK_MSK.uasset" 644
"C:/UnrealLauncherpro/multicpp/Content/Characters/Mannequins/Textures/Quinn/T_Quinn_02_ASAOMASK_MSK.uexp" 645
"C:/UnrealLauncherpro/multicpp/Content/Characters/Mannequins/Textures/Quinn/T_Quinn_02_CCRCCPlastic_MSK.ubulk" 646
"C:/UnrealLauncherpro/multicpp/Content/Characters/Mannequins/Textures/Quinn/T_Quinn_02_CCRCCPlastic_MSK.uasset" 647
"C:/UnrealLauncherpro/multicpp/Content/Characters/Mannequins/Textures/Quinn/T_Quinn_02_CCRCCPlastic_MSK.uexp" 648
"C:/UnrealLauncherpro/multicpp/Content/Characters/Mannequins/Textures/Quinn/T_Quinn_02ID_Tan.ubulk" 649
"C:/UnrealLauncherpro/multicpp/Content/Characters/Mannequins/Textures/Quinn/T_Quinn_02ID_Tan.uasset" 650
"C:/UnrealLauncherpro/multicpp/Content/Characters/Mannequins/Textures/Quinn/T_Quinn_02ID_Tan.uexp" 651
"C:/UnrealLauncherpro/multicpp/Content/Characters/Mannequins/Textures/Quinn/T_Quinn_02ID_D.ubulk" 652
"C:/UnrealLauncherpro/multicpp/Content/Characters/Mannequins/Textures/Quinn/T_Quinn_02ID_D.uasset" 653
"C:/UnrealLauncherpro/multicpp/Content/Characters/Mannequins/Textures/Quinn/T_Quinn_02ID_D.uexp" 654
"C:/UnrealLauncherpro/multicpp/Content/Characters/Mannequins/Textures/Quinn/T_Quinn_01ID_MSR_MSK.ubulk" 655
"C:/UnrealLauncherpro/multicpp/Content/Characters/Mannequins/Textures/Quinn/T_Quinn_01ID_MSR_MSK.uasset" 656
"C:/UnrealLauncherpro/multicpp/Content/Characters/Mannequins/Textures/Quinn/T_Quinn_01ID_MSR_MSK.uexp" 657
"C:/UnrealLauncherpro/multicpp/Content/Characters/Mannequins/Materials/Functions/ChromaticCurve.uasset" 658
"C:/UnrealLauncherpro/multicpp/Content/Characters/Mannequins/Materials/Functions/ChromaticCurve.uexp" 659
"C:/UnrealLauncherpro/multicpp/Content/Characters/Mannequins/Materials/Functions/CA_Mannequin.uasset" 660
"C:/UnrealLauncherpro/multicpp/Content/Characters/Mannequins/Materials/Functions/CA_Mannequin.uexp" 661
"C:/UnrealLauncherpro/multicpp/Content/Characters/Mannequins/Materials/Functions/MF_Diffraction.uasset" 662
"C:/UnrealLauncherpro/multicpp/Content/Characters/Mannequins/Materials/Functions/MF_Diffraction.uexp" 663
"C:/UnrealLauncherpro/multicpp/Content/Characters/Mannequins/Textures/Manny/T_Manny_01_N.ubulk" 664
"C:/UnrealLauncherpro/multicpp/Content/Characters/Mannequins/Textures/Manny/T_Manny_01_N.uasset" 665
"C:/UnrealLauncherpro/multicpp/Content/Characters/Mannequins/Textures/Manny/T_Manny_01_N.uexp" 666
"C:/UnrealLauncherpro/multicpp/Content/Characters/Mannequins/Materials/Functions/ML_BaseColorFallOff.uasset" 667
"C:/UnrealLauncherpro/multicpp/Content/Characters/Mannequins/Materials/Functions/ML_BaseColorFallOff.uexp" 668
"../../../Engine/Content/Functions/Engine_MaterialFunctions01/Texturing/ScaleUVsByCenter.uasset" 669
"../../../Engine/Content/Functions/Engine_MaterialFunctions01/Texturing/ScaleUVsByCenter.uexp" 670
"C:/UnrealLauncherpro/multicpp/Content/Characters/Mannequins/Textures/Shared/T_UE_Logo_M.uasset" 671
"C:/UnrealLauncherpro/multicpp/Content/Characters/Mannequins/Textures/Shared/T_UE_Logo_M.uexp" 672
"C:/UnrealLauncherpro/multicpp/Content/Characters/Mannequins/Materials/Functions/MF_logo3layers.uasset" 673
"C:/UnrealLauncherpro/multicpp/Content/Characters/Mannequins/Materials/Functions/MF_logo3layers.uexp" 674
"C:/UnrealLauncherpro/multicpp/Content/Characters/Mannequins/Textures/Manny/T_Manny_01_CCRCCPlastic_MSK.ubulk" 675
"C:/UnrealLauncherpro/multicpp/Content/Characters/Mannequins/Textures/Manny/T_Manny_01_CCRCCPlastic_MSK.uasset" 676
"C:/UnrealLauncherpro/multicpp/Content/Characters/Mannequins/Textures/Manny/T_Manny_01_CCRCCPlastic_MSK.uexp" 677
"C:/UnrealLauncherpro/multicpp/Content/Characters/Mannequins/Textures/Manny/T_Manny_01_ASAOPMASK_MSK.ubulk" 678
"C:/UnrealLauncherpro/multicpp/Content/Characters/Mannequins/Textures/Manny/T_Manny_01_ASAOPMASK_MSK.uasset" 679
"C:/UnrealLauncherpro/multicpp/Content/Characters/Mannequins/Textures/Manny/T_Manny_01_ASAOPMASK_MSK.uexp" 680
"C:/UnrealLauncherpro/multicpp/Content/Characters/Mannequins/Textures/Manny/T_Manny_01_MSR_MSK.ubulk" 681
"C:/UnrealLauncherpro/multicpp/Content/Characters/Mannequins/Textures/Manny/T_Manny_01_MSR_MSK.uasset" 682
"C:/UnrealLauncherpro/multicpp/Content/Characters/Mannequins/Textures/Manny/T_Manny_01_MSR_MSK.uexp" 683
"C:/UnrealLauncherpro/multicpp/Content/Characters/Mannequins/Textures/Manny/T_Manny_01_BN.ubulk" 684
"C:/UnrealLauncherpro/multicpp/Content/Characters/Mannequins/Textures/Manny/T_Manny_01_BN.uasset" 685
"C:/UnrealLauncherpro/multicpp/Content/Characters/Mannequins/Textures/Manny/T_Manny_01_BN.uexp" 686
"C:/UnrealLauncherpro/multicpp/Content/Characters/Mannequins/Textures/Manny/T_Manny_01_D.ubulk" 687
"C:/UnrealLauncherpro/multicpp/Content/Characters/Mannequins/Textures/Manny/T_Manny_01_D.uasset" 688
"C:/UnrealLauncherpro/multicpp/Content/Characters/Mannequins/Textures/Manny/T_Manny_01_D.uexp" 689
"C:/UnrealLauncherpro/multicpp/Content/Characters/Mannequins/Textures/Manny/T_Manny_01_Tan.ubulk" 690
"C:/UnrealLauncherpro/multicpp/Content/Characters/Mannequins/Textures/Manny/T_Manny_01_Tan.uasset" 691
"C:/UnrealLauncherpro/multicpp/Content/Characters/Mannequins/Textures/Manny/T_Manny_01_Tan.uexp" 692
"C:/UnrealLauncherpro/multicpp/Content/Characters/Mannequins/Materials/M_Mannequin.uasset" 693
"C:/UnrealLauncherpro/multicpp/Content/Characters/Mannequins/Materials/M_Mannequin.uexp" 694
"C:/UnrealLauncherpro/multicpp/Content/Characters/Mannequins/Textures/Quinn/T_Quinn_01_ASAOMASK_MSK.ubulk" 695
"C:/UnrealLauncherpro/multicpp/Content/Characters/Mannequins/Textures/Quinn/T_Quinn_01_ASAOMASK_MSK.uasset" 696
"C:/UnrealLauncherpro/multicpp/Content/Characters/Mannequins/Textures/Quinn/T_Quinn_01_ASAOMASK_MSK.uexp" 697
"C:/UnrealLauncherpro/multicpp/Content/Characters/Mannequins/Textures/Quinn/T_Quinn_01ID_N.ubulk" 698
"C:/UnrealLauncherpro/multicpp/Content/Characters/Mannequins/Textures/Quinn/T_Quinn_01ID_N.uasset" 699
"C:/UnrealLauncherpro/multicpp/Content/Characters/Mannequins/Textures/Quinn/T_Quinn_01ID_N.uexp" 700
"C:/UnrealLauncherpro/multicpp/Content/Characters/Mannequins/Textures/Quinn/T_Quinn_01ID_BN.ubulk" 701
"C:/UnrealLauncherpro/multicpp/Content/Characters/Mannequins/Textures/Quinn/T_Quinn_01ID_BN.uasset" 702
"C:/UnrealLauncherpro/multicpp/Content/Characters/Mannequins/Textures/Quinn/T_Quinn_01ID_BN.uexp" 703
"C:/UnrealLauncherpro/multicpp/Content/Characters/Mannequins/Textures/Quinn/T_Quinn_01ID_D.ubulk" 704
"C:/UnrealLauncherpro/multicpp/Content/Characters/Mannequins/Textures/Quinn/T_Quinn_01ID_D.uasset" 705
"C:/UnrealLauncherpro/multicpp/Content/Characters/Mannequins/Textures/Quinn/T_Quinn_01ID_D.uexp" 706
"C:/UnrealLauncherpro/multicpp/Content/Characters/Mannequins/Textures/Quinn/T_Quinn_01ID_Tan.ubulk" 707
"C:/UnrealLauncherpro/multicpp/Content/Characters/Mannequins/Textures/Quinn/T_Quinn_01ID_Tan.uasset" 708
"C:/UnrealLauncherpro/multicpp/Content/Characters/Mannequins/Textures/Quinn/T_Quinn_01ID_Tan.uexp" 709
"C:/UnrealLauncherpro/multicpp/Content/Characters/Mannequins/Textures/Quinn/T_Quinn_01_CCRCCPlastic_MSK.ubulk" 710
"C:/UnrealLauncherpro/multicpp/Content/Characters/Mannequins/Textures/Quinn/T_Quinn_01_CCRCCPlastic_MSK.uasset" 711
"C:/UnrealLauncherpro/multicpp/Content/Characters/Mannequins/Textures/Quinn/T_Quinn_01_CCRCCPlastic_MSK.uexp" 712
"C:/UnrealLauncherpro/multicpp/Content/Characters/Mannequins/Materials/Instances/Quinn/MI_Quinn_01.uasset" 713
"C:/UnrealLauncherpro/multicpp/Content/Characters/Mannequins/Materials/Instances/Quinn/MI_Quinn_01.uexp" 714
"C:/UnrealLauncherpro/multicpp/Content/Characters/Mannequins/Textures/Quinn/T_Quinn_02ID_N.ubulk" 715
"C:/UnrealLauncherpro/multicpp/Content/Characters/Mannequins/Textures/Quinn/T_Quinn_02ID_N.uasset" 716
"C:/UnrealLauncherpro/multicpp/Content/Characters/Mannequins/Textures/Quinn/T_Quinn_02ID_N.uexp" 717
"C:/UnrealLauncherpro/multicpp/Content/Characters/Mannequins/Materials/Instances/Quinn/MI_Quinn_02.uasset" 718
"C:/UnrealLauncherpro/multicpp/Content/Characters/Mannequins/Materials/Instances/Quinn/MI_Quinn_02.uexp" 719
"C:/UnrealLauncherpro/multicpp/Content/Characters/Mannequins/Rigs/PA_Mannequin.uasset" 720
"C:/UnrealLauncherpro/multicpp/Content/Characters/Mannequins/Rigs/PA_Mannequin.uexp" 721
"C:/UnrealLauncherpro/multicpp/Content/Characters/Mannequins/Meshes/SKM_Quinn_Simple.uasset" 722
"C:/UnrealLauncherpro/multicpp/Content/Characters/Mannequins/Meshes/SKM_Quinn_Simple.uexp" 723
"../../../Engine/Content/Animation/DefaultAnimCurveCompressionSettings.uasset" 724
"../../../Engine/Content/Animation/DefaultAnimCurveCompressionSettings.uexp" 725
"../../../Engine/Content/Animation/DefaultAnimBoneCompressionSettings.uasset" 726
"../../../Engine/Content/Animation/DefaultAnimBoneCompressionSettings.uexp" 727
"C:/UnrealLauncherpro/multicpp/Content/Characters/Mannequins/Animations/Quinn/MF_Run_Fwd.uasset" 728
"C:/UnrealLauncherpro/multicpp/Content/Characters/Mannequins/Animations/Quinn/MF_Run_Fwd.uexp" 729
"C:/UnrealLauncherpro/multicpp/Content/Characters/Mannequins/Animations/Quinn/MF_Walk_Fwd.uasset" 730
"C:/UnrealLauncherpro/multicpp/Content/Characters/Mannequins/Animations/Quinn/MF_Walk_Fwd.uexp" 731
"../../../Engine/Content/Animation/DefaultRecorderBoneCompression.uasset" 732
"../../../Engine/Content/Animation/DefaultRecorderBoneCompression.uexp" 733
"C:/UnrealLauncherpro/multicpp/Content/Characters/Mannequins/Animations/Manny/MM_Walk_InPlace.uasset" 734
"C:/UnrealLauncherpro/multicpp/Content/Characters/Mannequins/Animations/Manny/MM_Walk_InPlace.uexp" 735
"C:/UnrealLauncherpro/multicpp/Content/Characters/Mannequins/Animations/Quinn/BS_MF_Unarmed_WalkRun.uasset" 736
"C:/UnrealLauncherpro/multicpp/Content/Characters/Mannequins/Animations/Quinn/BS_MF_Unarmed_WalkRun.uexp" 737
"C:/UnrealLauncherpro/multicpp/Content/Characters/Mannequins/Animations/Quinn/MF_Idle.uasset" 738
"C:/UnrealLauncherpro/multicpp/Content/Characters/Mannequins/Animations/Quinn/MF_Idle.uexp" 739
"C:/UnrealLauncherpro/multicpp/Content/Characters/Mannequins/Animations/Manny/MM_Fall_Loop.uasset" 740
"C:/UnrealLauncherpro/multicpp/Content/Characters/Mannequins/Animations/Manny/MM_Fall_Loop.uexp" 741
"C:/UnrealLauncherpro/multicpp/Content/Characters/Mannequins/Animations/Manny/MM_Jump.uasset" 742
"C:/UnrealLauncherpro/multicpp/Content/Characters/Mannequins/Animations/Manny/MM_Jump.uexp" 743
"../../../Engine/Plugins/Animation/ControlRig/Content/Controls/DefaultGizmoLibrary.uasset" 744
"../../../Engine/Plugins/Animation/ControlRig/Content/Controls/DefaultGizmoLibrary.uexp" 745
"C:/UnrealLauncherpro/multicpp/Content/Characters/Mannequins/Rigs/CR_Mannequin_BasicFootIK.uasset" 746
"C:/UnrealLauncherpro/multicpp/Content/Characters/Mannequins/Rigs/CR_Mannequin_BasicFootIK.uexp" 747
"C:/UnrealLauncherpro/multicpp/Content/Characters/Mannequins/Animations/Manny/MM_Run_Fwd.uasset" 748
"C:/UnrealLauncherpro/multicpp/Content/Characters/Mannequins/Animations/Manny/MM_Run_Fwd.uexp" 749
"C:/UnrealLauncherpro/multicpp/Content/Characters/Mannequins/Animations/Manny/MM_Walk_Fwd.uasset" 750
"C:/UnrealLauncherpro/multicpp/Content/Characters/Mannequins/Animations/Manny/MM_Walk_Fwd.uexp" 751
"C:/UnrealLauncherpro/multicpp/Content/Characters/Mannequins/Animations/Manny/BS_MM_WalkRun.uasset" 752
"C:/UnrealLauncherpro/multicpp/Content/Characters/Mannequins/Animations/Manny/BS_MM_WalkRun.uexp" 753
"C:/UnrealLauncherpro/multicpp/Content/Characters/Mannequins/Animations/Manny/MM_Land.uasset" 754
"C:/UnrealLauncherpro/multicpp/Content/Characters/Mannequins/Animations/Manny/MM_Land.uexp" 755
"C:/UnrealLauncherpro/multicpp/Content/Characters/Mannequins/Animations/Manny/MM_Idle.uasset" 756
"C:/UnrealLauncherpro/multicpp/Content/Characters/Mannequins/Animations/Manny/MM_Idle.uexp" 757
"C:/UnrealLauncherpro/multicpp/Content/Characters/Mannequins/Animations/ABP_Manny.uasset" 758
"C:/UnrealLauncherpro/multicpp/Content/Characters/Mannequins/Animations/ABP_Manny.uexp" 759
"C:/UnrealLauncherpro/multicpp/Content/Characters/Mannequins/Animations/ABP_Quinn.uasset" 760
"C:/UnrealLauncherpro/multicpp/Content/Characters/Mannequins/Animations/ABP_Quinn.uexp" 761
"C:/UnrealLauncherpro/multicpp/Content/ThirdPerson/Blueprints/BP_ThirdPersonCharacter.uasset" 762
"C:/UnrealLauncherpro/multicpp/Content/ThirdPerson/Blueprints/BP_ThirdPersonCharacter.uexp" 763
"C:/UnrealLauncherpro/multicpp/Content/ThirdPerson/Blueprints/BP_ThirdPersonGameMode.uasset" 764
"C:/UnrealLauncherpro/multicpp/Content/ThirdPerson/Blueprints/BP_ThirdPersonGameMode.uexp" 765
"../../../Engine/Content/Maps/Entry_BuiltData.uasset" 766
"../../../Engine/Content/Maps/Entry_BuiltData.uexp" 767
"../../../Engine/Content/Maps/Entry.uexp" 768
"../../../Engine/Content/Maps/Entry.umap" 769
"../../../Engine/Content/Maps/Templates/HLODs/HLODLayer_Instanced.uasset" 770
"../../../Engine/Content/Maps/Templates/HLODs/HLODLayer_Instanced.uexp" 771
"C:/UnrealLauncherpro/multicpp/Content/ThirdPerson/Maps/ThirdPersonMap.uexp" 772
"C:/UnrealLauncherpro/multicpp/Content/ThirdPerson/Maps/ThirdPersonMap.umap" 773
"C:/UnrealLauncherpro/multicpp/Plugins/MultiplayerSessions/Content/WBP_Menu.uasset" 774
"C:/UnrealLauncherpro/multicpp/Plugins/MultiplayerSessions/Content/WBP_Menu.uexp" 775
"C:/UnrealLauncherpro/multicpp/Content/ThirdPerson/Maps/lobby_HLOD0_Instancing.uasset" 776
"C:/UnrealLauncherpro/multicpp/Content/ThirdPerson/Maps/lobby_HLOD0_Instancing.uexp" 777
"C:/UnrealLauncherpro/multicpp/Content/ThirdPerson/Maps/lobby.uexp" 778
"C:/UnrealLauncherpro/multicpp/Content/ThirdPerson/Maps/lobby.ubulk" 779
"C:/UnrealLauncherpro/multicpp/Content/ThirdPerson/Maps/lobby.umap" 780
"C:/UnrealLauncherpro/multicpp/Content/ThirdPerson/Maps/ThirdPersonMap/_Generated_/ThirdPersonMap_MainGrid_L0_X-1_Y0_DL0.uexp" 781
"C:/UnrealLauncherpro/multicpp/Content/ThirdPerson/Maps/ThirdPersonMap/_Generated_/ThirdPersonMap_MainGrid_L0_X-1_Y0_DL0.umap" 782
"C:/UnrealLauncherpro/multicpp/Content/ThirdPerson/Maps/ThirdPersonMap/_Generated_/ThirdPersonMap_MainGrid_L0_X0_Y0_DL0.uexp" 783
"C:/UnrealLauncherpro/multicpp/Content/ThirdPerson/Maps/ThirdPersonMap/_Generated_/ThirdPersonMap_MainGrid_L0_X0_Y0_DL0.umap" 784
"C:/UnrealLauncherpro/multicpp/Content/ThirdPerson/Maps/lobby/_Generated_/lobby_MainGrid_L2_X0_Y-1_DL0.uexp" 785
"C:/UnrealLauncherpro/multicpp/Content/ThirdPerson/Maps/lobby/_Generated_/lobby_MainGrid_L2_X0_Y-1_DL0.ubulk" 786
"C:/UnrealLauncherpro/multicpp/Content/ThirdPerson/Maps/lobby/_Generated_/lobby_MainGrid_L2_X0_Y-1_DL0.umap" 787
"C:/UnrealLauncherpro/multicpp/Content/ThirdPerson/Maps/lobby/_Generated_/lobby_MainGrid_L1_X1_Y0_DL0.uexp" 788
"C:/UnrealLauncherpro/multicpp/Content/ThirdPerson/Maps/lobby/_Generated_/lobby_MainGrid_L1_X1_Y0_DL0.ubulk" 789
"C:/UnrealLauncherpro/multicpp/Content/ThirdPerson/Maps/lobby/_Generated_/lobby_MainGrid_L1_X1_Y0_DL0.umap" 790
"C:/UnrealLauncherpro/multicpp/Content/ThirdPerson/Maps/lobby/_Generated_/lobby_MainGrid_L0_X0_Y0_DL0.uexp" 791
"C:/UnrealLauncherpro/multicpp/Content/ThirdPerson/Maps/lobby/_Generated_/lobby_MainGrid_L0_X0_Y0_DL0.ubulk" 792
"C:/UnrealLauncherpro/multicpp/Content/ThirdPerson/Maps/lobby/_Generated_/lobby_MainGrid_L0_X0_Y0_DL0.umap" 793
"C:/UnrealLauncherpro/multicpp/Content/ThirdPerson/Maps/lobby/_Generated_/lobby_MainGrid_L1_X-2_Y1_DL0.uexp" 794
"C:/UnrealLauncherpro/multicpp/Content/ThirdPerson/Maps/lobby/_Generated_/lobby_MainGrid_L1_X-2_Y1_DL0.ubulk" 795
"C:/UnrealLauncherpro/multicpp/Content/ThirdPerson/Maps/lobby/_Generated_/lobby_MainGrid_L1_X-2_Y1_DL0.umap" 796
"C:/UnrealLauncherpro/multicpp/Content/ThirdPerson/Maps/lobby/_Generated_/lobby_MainGrid_L1_X0_Y-1_DL0.uexp" 797
"C:/UnrealLauncherpro/multicpp/Content/ThirdPerson/Maps/lobby/_Generated_/lobby_MainGrid_L1_X0_Y-1_DL0.ubulk" 798
"C:/UnrealLauncherpro/multicpp/Content/ThirdPerson/Maps/lobby/_Generated_/lobby_MainGrid_L1_X0_Y-1_DL0.umap" 799
"C:/UnrealLauncherpro/multicpp/Content/ThirdPerson/Maps/lobby/_Generated_/lobby_MainGrid_L1_X1_Y1_DL0.uexp" 800
"C:/UnrealLauncherpro/multicpp/Content/ThirdPerson/Maps/lobby/_Generated_/lobby_MainGrid_L1_X1_Y1_DL0.ubulk" 801
"C:/UnrealLauncherpro/multicpp/Content/ThirdPerson/Maps/lobby/_Generated_/lobby_MainGrid_L1_X1_Y1_DL0.umap" 802
"C:/UnrealLauncherpro/multicpp/Content/ThirdPerson/Maps/lobby/_Generated_/lobby_MainGrid_L1_X0_Y1_DL0.uexp" 803
"C:/UnrealLauncherpro/multicpp/Content/ThirdPerson/Maps/lobby/_Generated_/lobby_MainGrid_L1_X0_Y1_DL0.ubulk" 804
"C:/UnrealLauncherpro/multicpp/Content/ThirdPerson/Maps/lobby/_Generated_/lobby_MainGrid_L1_X0_Y1_DL0.umap" 805
"C:/UnrealLauncherpro/multicpp/Content/ThirdPerson/Maps/lobby/_Generated_/lobby_MainGrid_L2_X0_Y0_DL0.uexp" 806
"C:/UnrealLauncherpro/multicpp/Content/ThirdPerson/Maps/lobby/_Generated_/lobby_MainGrid_L2_X0_Y0_DL0.ubulk" 807
"C:/UnrealLauncherpro/multicpp/Content/ThirdPerson/Maps/lobby/_Generated_/lobby_MainGrid_L2_X0_Y0_DL0.umap" 808
"C:/UnrealLauncherpro/multicpp/Content/ThirdPerson/Maps/lobby/_Generated_/lobby_MainGrid_L1_X0_Y-2_DL0.uexp" 809
"C:/UnrealLauncherpro/multicpp/Content/ThirdPerson/Maps/lobby/_Generated_/lobby_MainGrid_L1_X0_Y-2_DL0.ubulk" 810
"C:/UnrealLauncherpro/multicpp/Content/ThirdPerson/Maps/lobby/_Generated_/lobby_MainGrid_L1_X0_Y-2_DL0.umap" 811
"C:/UnrealLauncherpro/multicpp/Content/ThirdPerson/Maps/lobby/_Generated_/lobby_MainGrid_L1_X-2_Y0_DL0.uexp" 812
"C:/UnrealLauncherpro/multicpp/Content/ThirdPerson/Maps/lobby/_Generated_/lobby_MainGrid_L1_X-2_Y0_DL0.ubulk" 813
"C:/UnrealLauncherpro/multicpp/Content/ThirdPerson/Maps/lobby/_Generated_/lobby_MainGrid_L1_X-2_Y0_DL0.umap" 814
"C:/UnrealLauncherpro/multicpp/Content/ThirdPerson/Maps/lobby/_Generated_/lobby_MainGrid_L2_X-1_Y-1_DL0.uexp" 815
"C:/UnrealLauncherpro/multicpp/Content/ThirdPerson/Maps/lobby/_Generated_/lobby_MainGrid_L2_X-1_Y-1_DL0.ubulk" 816
"C:/UnrealLauncherpro/multicpp/Content/ThirdPerson/Maps/lobby/_Generated_/lobby_MainGrid_L2_X-1_Y-1_DL0.umap" 817
"C:/UnrealLauncherpro/multicpp/Content/ThirdPerson/Maps/lobby/_Generated_/lobby_MainGrid_L1_X-1_Y0_DL0.uexp" 818
"C:/UnrealLauncherpro/multicpp/Content/ThirdPerson/Maps/lobby/_Generated_/lobby_MainGrid_L1_X-1_Y0_DL0.ubulk" 819
"C:/UnrealLauncherpro/multicpp/Content/ThirdPerson/Maps/lobby/_Generated_/lobby_MainGrid_L1_X-1_Y0_DL0.umap" 820
"C:/UnrealLauncherpro/multicpp/Content/ThirdPerson/Maps/lobby/_Generated_/lobby_MainGrid_L1_X1_Y-2_DL0.uexp" 821
"C:/UnrealLauncherpro/multicpp/Content/ThirdPerson/Maps/lobby/_Generated_/lobby_MainGrid_L1_X1_Y-2_DL0.ubulk" 822
"C:/UnrealLauncherpro/multicpp/Content/ThirdPerson/Maps/lobby/_Generated_/lobby_MainGrid_L1_X1_Y-2_DL0.umap" 823
"C:/UnrealLauncherpro/multicpp/Content/ThirdPerson/Maps/lobby/_Generated_/lobby_MainGrid_L1_X-2_Y-2_DL0.uexp" 824
"C:/UnrealLauncherpro/multicpp/Content/ThirdPerson/Maps/lobby/_Generated_/lobby_MainGrid_L1_X-2_Y-2_DL0.ubulk" 825
"C:/UnrealLauncherpro/multicpp/Content/ThirdPerson/Maps/lobby/_Generated_/lobby_MainGrid_L1_X-2_Y-2_DL0.umap" 826
"C:/UnrealLauncherpro/multicpp/Content/ThirdPerson/Maps/lobby/_Generated_/lobby_MainGrid_L1_X0_Y0_DL0.uexp" 827
"C:/UnrealLauncherpro/multicpp/Content/ThirdPerson/Maps/lobby/_Generated_/lobby_MainGrid_L1_X0_Y0_DL0.ubulk" 828
"C:/UnrealLauncherpro/multicpp/Content/ThirdPerson/Maps/lobby/_Generated_/lobby_MainGrid_L1_X0_Y0_DL0.umap" 829
"C:/UnrealLauncherpro/multicpp/Content/ThirdPerson/Maps/lobby/_Generated_/lobby_MainGrid_L1_X-1_Y1_DL0.uexp" 830
"C:/UnrealLauncherpro/multicpp/Content/ThirdPerson/Maps/lobby/_Generated_/lobby_MainGrid_L1_X-1_Y1_DL0.ubulk" 831
"C:/UnrealLauncherpro/multicpp/Content/ThirdPerson/Maps/lobby/_Generated_/lobby_MainGrid_L1_X-1_Y1_DL0.umap" 832
"C:/UnrealLauncherpro/multicpp/Content/ThirdPerson/Maps/lobby/_Generated_/lobby_MainGrid_L1_X-1_Y-1_DL0.uexp" 833
"C:/UnrealLauncherpro/multicpp/Content/ThirdPerson/Maps/lobby/_Generated_/lobby_MainGrid_L1_X-1_Y-1_DL0.ubulk" 834
"C:/UnrealLauncherpro/multicpp/Content/ThirdPerson/Maps/lobby/_Generated_/lobby_MainGrid_L1_X-1_Y-1_DL0.umap" 835
"C:/UnrealLauncherpro/multicpp/Content/ThirdPerson/Maps/lobby/_Generated_/lobby_MainGrid_L2_X-1_Y0_DL0.uexp" 836
"C:/UnrealLauncherpro/multicpp/Content/ThirdPerson/Maps/lobby/_Generated_/lobby_MainGrid_L2_X-1_Y0_DL0.ubulk" 837
"C:/UnrealLauncherpro/multicpp/Content/ThirdPerson/Maps/lobby/_Generated_/lobby_MainGrid_L2_X-1_Y0_DL0.umap" 838
"C:/UnrealLauncherpro/multicpp/Content/ThirdPerson/Maps/lobby/_Generated_/lobby_MainGrid_L1_X1_Y-1_DL0.uexp" 839
"C:/UnrealLauncherpro/multicpp/Content/ThirdPerson/Maps/lobby/_Generated_/lobby_MainGrid_L1_X1_Y-1_DL0.ubulk" 840
"C:/UnrealLauncherpro/multicpp/Content/ThirdPerson/Maps/lobby/_Generated_/lobby_MainGrid_L1_X1_Y-1_DL0.umap" 841
"C:/UnrealLauncherpro/multicpp/Content/ThirdPerson/Maps/lobby/_Generated_/lobby_MainGrid_L1_X-2_Y-1_DL0.uexp" 842
"C:/UnrealLauncherpro/multicpp/Content/ThirdPerson/Maps/lobby/_Generated_/lobby_MainGrid_L1_X-2_Y-1_DL0.ubulk" 843
"C:/UnrealLauncherpro/multicpp/Content/ThirdPerson/Maps/lobby/_Generated_/lobby_MainGrid_L1_X-2_Y-1_DL0.umap" 844
"C:/UnrealLauncherpro/multicpp/Content/ThirdPerson/Maps/lobby/_Generated_/lobby_MainGrid_L1_X-1_Y-2_DL0.uexp" 845
"C:/UnrealLauncherpro/multicpp/Content/ThirdPerson/Maps/lobby/_Generated_/lobby_MainGrid_L1_X-1_Y-2_DL0.ubulk" 846
"C:/UnrealLauncherpro/multicpp/Content/ThirdPerson/Maps/lobby/_Generated_/lobby_MainGrid_L1_X-1_Y-2_DL0.umap" 847
